🔧 FIXING ALL PRODUCTION FILES
============================================================
Target: ALL HTML files in public
Excluding: backups/, archived-bloat/

   Processed 200 files...
   Processed 300 files...
   Processed 400 files...
   Processed 500 files...
   Processed 600 files...
   Processed 700 files...
   Processed 800 files...
   Processed 900 files...
   Processed 1000 files...
   Processed 1200 files...
   Processed 1500 files...

============================================================
📊 SUMMARY:
   Files processed: 1633
   Total fixes applied: 2372
   Errors: 0

   Fixes by type:
      add_js: 1093 files
      add_css: 979 files
      css_path: 232 files
      duplicate_doctype: 68 files
============================================================

