📚 LEARNING PROGRESSION BUILDER
================================================================================
Analyzing 12,829 unit-lesson relationships to build learning pathways...
================================================================================

🔍 Loading unit-lesson relationships...
   Found 777 units
   Found 1000 unit-lesson relationships
   Loading all resources...
   Loaded 11030 total resources
   Organized into 114 unique units

🔢 Extracting lesson sequences...
   Found 86 units with clear sequences
   Total sequenced lessons: 506

📖 Top 10 Learning Progressions:

1. Year 8 Systems: Decolonizing Power Structures
   Subject: None | Year: None
   Sequence: 72 lessons
      L1: Unit 1 Lesson 2: Systems Are Everywhere | Y8 Systems | Te Ke
      L1: Unit 1 Lesson 1: What Makes a Society? | Y8 Systems | Te Ket
      L1: Unit 4 Lesson 1: Understanding Economic Systems - Who Wins a
      L1: Unit 3 Lesson 1: Dual Knowledge Systems Foundation | Mangakō
      L1: Systems Lesson 1.1: What Makes a Society? | Te Kete Ako
      ... and 67 more lessons

2. Unit 5: Global Indigenous Solidarity - Transnational Movements | Mangakōtukutuku College
   Subject: Cross-curricular | Year: All Levels
   Sequence: 57 lessons
      L1: Lesson 1: Society Exploration | Guided Inquiry Unit | Te Ket
      L1: A Forum for Justice: The Waitangi Tribunal | Te Kete Ako
      L1: Years of Anger: The Protest Movements | Te Kete Ako
      L1: Lesson 1.4: A Forum for Justice | Walker Unit | Te Kete Ako
      L1: Lesson 1.1: Who was Ranginui Walker? | Walker Unit | Te Kete
      ... and 52 more lessons

3. Unit 7: Digital Technologies & AI Ethics - Navigating the Future of Artificial Intelligence | Te Kete Ako
   Subject: Digital Technologies | Year: All Levels
   Sequence: 28 lessons
      L1: Unit 2 Lesson 1: Pre-Colonial Innovation - Challenging the M
      L1: Y8 Digital Kaitiakitanga L1: Te Whenua Tāhiko - Enhanced
      L2: Unit 7 Lesson 2: AI Bias & Algorithmic Justice | Te Kete Ako
      L2: Lesson 2: The Four Walls of our Digital Whare | Digital Kait
      L2: Unit 2, Lesson 2: The Aotearoa Wars
      ... and 23 more lessons

4. Unit Plans | Te Kete Ako
   Subject: Mathematics, Science | Year: Year 8
   Sequence: 19 lessons
      L1: Walker Lesson 1.1 Assessment Rubric | Te Kete Ako
      L1: A Forum for Justice: The Waitangi Tribunal | Te Kete Ako
      L1: The Great Migration | Te Kete Ako
      L1: Lesson 1: Pre-Colonial Innovation | Unit 2: Decolonized Hist
      L2: Te Kete Ako - Identifying Bias in News Reporting
      ... and 14 more lessons

5. Unit Plans | Te Kete Ako
   Subject: Mathematics, Science | Year: Year 8
   Sequence: 16 lessons
      L1: Lesson 1.5: Reclaiming the Narrative | Walker Unit | Te Kete
      L1: Podcast Lesson 1: Te Tiriti o Waitangi | Te Kete Ako
      L1: Lesson 1 | Te Kete Ako
      L1: Comprehensive: Whakapapa Deep Dive Activities - Unit 1 Lesso
      L2: Unit 1 Lesson 3: Democracy vs. Dictatorship | Y8 Systems | T
      ... and 11 more lessons

6. Unit Hub | Year 8 Systems: Decolonizing Power Structures | Te Kete Ako - Postcolonial Social Studies
   Subject: Multi-subject | Year: Year 7-10
   Sequence: 10 lessons
      L1: Y8 Systems L1-1: What is a System - Legacy
      L1: Y8 Systems L1-2 - Legacy
      L2: Y8 Systems L2-1 - Legacy
      L2: Y8 Systems L2-2 - Legacy
      L3: Y8 Systems L3-1: Economic Systems - Legacy (601 connections!
      ... and 5 more lessons

7. All Units | Te Kete Ako
   Subject: Mathematics, Science | Year: Year 7
   Sequence: 9 lessons
      L1: Lesson 1: Introduction to Critical Thinking
      L2: Unit 6 Lesson 2: Innovation through Whakapapa | Te Kete Ako
      L2: Unit 3 Lesson 2: Environmental Science & Kaitiakitanga | Man
      L4: Unit 3 Lesson 4: Technology & Innovation | Mangakōtukutuku C
      L5: Lesson 5: Restoration & Kaitiakitanga
      ... and 4 more lessons

8. Comprehensive Assessment Generator
   Subject: Mathematics, English, Te Reo Māori | Year: All Levels
   Sequence: 8 lessons
      L1: Lesson 1.2: The Great Migration | Te Kete Ako
      L1: A Forum for Justice: The Waitangi Tribunal | Te Kete Ako
      L3: Printable: Mātauranga Māori Inquiry Cards
      L3: Unit 1 Lesson 3: Haka & Cultural Expression - Voice, Power &
      L4: Unit 1 Lesson 4: Te Tiriti o Waitangi - Partnership & Power-
      ... and 3 more lessons

9. Unit Plans | Te Kete Ako
   Subject: Mathematics, Science | Year: Year 9
   Sequence: 8 lessons
      L1: Podcast Lesson 1: Te Tiriti o Waitangi | Te Kete Ako
      L1: Week 1: Introduction to Statistical Investigations | Y8 Stat
      L1: Printable: Whakapapa Exploration Template
      L1: Lesson 1: Pattern Detectives
      L1: Lesson 1 | Te Kete Ako
      ... and 3 more lessons

10. Comprehensive Subject Generation Roadmap
   Subject: Mathematics, Science, English, Social Studies, Te Reo Māori | Year: Year 7
   Sequence: 7 lessons
      L1: Lesson 1: Pattern Detectives
      L1: Unit 2 Lesson 1: Pre-Colonial Innovation - Challenging the M
      L3: Week 3: Census & Population Trends | Y8 Statistics
      L5: Lesson 5: The Science of Screen Time | Digital Kaitiakitanga
      L5: Unit 6 Lesson 5: Collective Action Project Launch | Te Kete 
      ... and 2 more lessons


🔗 Building prerequisite relationships...
   Created 420 prerequisite relationships

💾 Inserting prerequisite relationships...
   Inserted 420/420...

✅ Inserted 420 prerequisite relationships

💾 Saved learning progressions to: /Users/admin/Documents/te-kete-ako-clean/data/learning-progressions.json

================================================================================
📊 LEARNING PROGRESSION ANALYSIS COMPLETE
================================================================================
   Units analyzed: 114
   Units with clear sequences: 86
   Sequenced lessons: 506
   Prerequisite relationships: 420
   Average lessons per unit: 5.9
================================================================================

📚 By Subject:
   Mathematics, Science, English, Social Studies, Te Reo Māori: 29 units
   Science, English, Te Reo Māori: 15 units
   Science, English, Social Studies, Te Reo Māori: 12 units
   Mathematics, Science: 10 units
   Mathematics, English, Te Reo Māori: 6 units
   Mathematics, Science, Te Reo Māori: 5 units
   Multi-subject: 4 units
   Cross-curricular: 2 units
   None: 1 units
   Digital Technologies: 1 units

🎯 Learning progression analysis complete!
   Use these pathways to guide students through optimal learning sequences
