=== Processing Batch 3 ===
📚 PASS 3 ENHANCED: ADDING DEEP LEARNING STRUCTURE
============================================================

🔄 Processing Batch 3 (50 files)
   Range: 101-150 of 1134
   ✅ Enhanced: 50/50 files

✅ Batch 3 complete: 50 files enhanced
💡 Continue with: python3 scripts/enhanced-learning-structure-v2.py --batch 4

=== Processing Batch 4 ===
📚 PASS 3 ENHANCED: ADDING DEEP LEARNING STRUCTURE
============================================================

🔄 Processing Batch 4 (50 files)
   Range: 151-200 of 1134
   ✅ Enhanced: 50/50 files

✅ Batch 4 complete: 50 files enhanced
💡 Continue with: python3 scripts/enhanced-learning-structure-v2.py --batch 5

=== Processing Batch 5 ===
📚 PASS 3 ENHANCED: ADDING DEEP LEARNING STRUCTURE
============================================================

🔄 Processing Batch 5 (50 files)
   Range: 201-250 of 1134
   ✅ Enhanced: 50/50 files

✅ Batch 5 complete: 50 files enhanced
💡 Continue with: python3 scripts/enhanced-learning-structure-v2.py --batch 6

=== Processing Batch 6 ===
📚 PASS 3 ENHANCED: ADDING DEEP LEARNING STRUCTURE
============================================================

🔄 Processing Batch 6 (50 files)
   Range: 251-300 of 1134
   ✅ Enhanced: 50/50 files

✅ Batch 6 complete: 50 files enhanced
💡 Continue with: python3 scripts/enhanced-learning-structure-v2.py --batch 7

=== Processing Batch 7 ===
📚 PASS 3 ENHANCED: ADDING DEEP LEARNING STRUCTURE
============================================================

🔄 Processing Batch 7 (50 files)
   Range: 301-350 of 1134
   ✅ Enhanced: 50/50 files

✅ Batch 7 complete: 50 files enhanced
💡 Continue with: python3 scripts/enhanced-learning-structure-v2.py --batch 8

=== Processing Batch 8 ===
📚 PASS 3 ENHANCED: ADDING DEEP LEARNING STRUCTURE
============================================================

🔄 Processing Batch 8 (50 files)
   Range: 351-400 of 1134
   ✅ Enhanced: 49/50 files

✅ Batch 8 complete: 49 files enhanced
💡 Continue with: python3 scripts/enhanced-learning-structure-v2.py --batch 9

=== Processing Batch 9 ===
📚 PASS 3 ENHANCED: ADDING DEEP LEARNING STRUCTURE
============================================================

🔄 Processing Batch 9 (50 files)
   Range: 401-450 of 1134
   ✅ Enhanced: 50/50 files

✅ Batch 9 complete: 50 files enhanced
💡 Continue with: python3 scripts/enhanced-learning-structure-v2.py --batch 10

=== Processing Batch 10 ===
📚 PASS 3 ENHANCED: ADDING DEEP LEARNING STRUCTURE
============================================================

🔄 Processing Batch 10 (50 files)
   Range: 451-500 of 1134
   ✅ Enhanced: 50/50 files

✅ Batch 10 complete: 50 files enhanced
💡 Continue with: python3 scripts/enhanced-learning-structure-v2.py --batch 11

