🔗 GRAPHRAG RELATIONSHIP BUILDER
================================================================================
Building intelligent connections between 10,943 resources...
================================================================================

📊 Loading all GraphRAG resources...
   Loaded 1000 resources...
   Loaded 2000 resources...
   Loaded 3000 resources...
   Loaded 4000 resources...
   Loaded 5000 resources...
   Loaded 6000 resources...
   Loaded 7000 resources...
   Loaded 8000 resources...
   Loaded 9000 resources...
   Loaded 10000 resources...
   Loaded 10943 resources...

✅ Loaded 10943 total resources

📊 Checking existing relationships...
   Found 5389 existing relationships

🏗️  Building lookup indexes...
   Subjects: 164
   Year levels: 85
   Resource types: 30
   Cultural resources: 9607 with Te Reo, 3900 with Whakataukī

🔗 Building relationships...

1️⃣  Building same-subject relationships...
   Created 1000 same-subject relationships...
   Created 2000 same-subject relationships...
   Created 3000 same-subject relationships...
   Created 4000 same-subject relationships...
   Created 5000 same-subject relationships...
   Created 6000 same-subject relationships...
   Created 7000 same-subject relationships...
   Created 8000 same-subject relationships...
   Created 9000 same-subject relationships...
   Created 10000 same-subject relationships...
   Created 11000 same-subject relationships...
   Created 12000 same-subject relationships...
   Created 13000 same-subject relationships...
   Created 14000 same-subject relationships...
   Created 15000 same-subject relationships...
   Created 16000 same-subject relationships...
   Created 17000 same-subject relationships...
   Created 18000 same-subject relationships...
   Created 19000 same-subject relationships...
   Created 20000 same-subject relationships...
   Created 21000 same-subject relationships...
   Created 22000 same-subject relationships...
   Created 23000 same-subject relationships...
   Created 24000 same-subject relationships...
   Created 25000 same-subject relationships...
   Created 26000 same-subject relationships...
   Created 27000 same-subject relationships...
   Created 28000 same-subject relationships...
   Created 29000 same-subject relationships...
   Created 30000 same-subject relationships...
   Created 31000 same-subject relationships...
   Created 32000 same-subject relationships...
   Created 33000 same-subject relationships...
   Created 34000 same-subject relationships...
   Created 35000 same-subject relationships...
   Created 36000 same-subject relationships...
   Created 37000 same-subject relationships...
   Created 38000 same-subject relationships...
   Created 39000 same-subject relationships...
   Created 40000 same-subject relationships...
   Created 41000 same-subject relationships...
   Created 42000 same-subject relationships...
   Created 43000 same-subject relationships...
   Created 44000 same-subject relationships...
   Created 45000 same-subject relationships...
   Created 46000 same-subject relationships...
   Created 47000 same-subject relationships...
   Created 48000 same-subject relationships...
   Created 49000 same-subject relationships...
   Created 50000 same-subject relationships...
   Created 51000 same-subject relationships...
   Created 52000 same-subject relationships...
   Created 53000 same-subject relationships...
   Created 54000 same-subject relationships...
   Created 55000 same-subject relationships...
   Created 56000 same-subject relationships...
   Created 57000 same-subject relationships...
   Created 58000 same-subject relationships...
   Created 59000 same-subject relationships...
   Created 60000 same-subject relationships...
   Created 61000 same-subject relationships...
   Created 62000 same-subject relationships...
   Created 63000 same-subject relationships...
   Created 64000 same-subject relationships...
   ✅ Created 64027 same-subject relationships

2️⃣  Building same-year-level relationships...
   Created 1000 year-level relationships...
   Created 2000 year-level relationships...
   Created 3000 year-level relationships...
   Created 4000 year-level relationships...
   Created 5000 year-level relationships...
   Created 6000 year-level relationships...
   Created 7000 year-level relationships...
   Created 8000 year-level relationships...
   Created 9000 year-level relationships...
   Created 10000 year-level relationships...
   Created 11000 year-level relationships...
   Created 12000 year-level relationships...
   Created 13000 year-level relationships...
   Created 14000 year-level relationships...
   Created 15000 year-level relationships...
   Created 16000 year-level relationships...
   Created 17000 year-level relationships...
   Created 18000 year-level relationships...
   Created 19000 year-level relationships...
   Created 20000 year-level relationships...
   Created 21000 year-level relationships...
   Created 22000 year-level relationships...
   Created 23000 year-level relationships...
   Created 24000 year-level relationships...
   Created 25000 year-level relationships...
   Created 26000 year-level relationships...
   Created 27000 year-level relationships...
   Created 28000 year-level relationships...
   Created 29000 year-level relationships...
   Created 30000 year-level relationships...
   Created 31000 year-level relationships...
   Created 32000 year-level relationships...
   Created 33000 year-level relationships...
   Created 34000 year-level relationships...
   Created 35000 year-level relationships...
   Created 36000 year-level relationships...
   ✅ Created 36594 same-year-level relationships

3️⃣  Building lesson-handout pairs...
   ✅ Created 60227 lesson-handout relationships

4️⃣  Building unit-lesson hierarchies...
   ✅ Created 30863 unit-lesson relationships

5️⃣  Building cultural connections...
   ✅ Created 1000 cultural relationships

6️⃣  Building related content relationships...
   Created 1000 related-content relationships...
   Created 2000 related-content relationships...
   Created 3000 related-content relationships...
   Created 4000 related-content relationships...
   Created 5000 related-content relationships...
   Created 6000 related-content relationships...
   Created 7000 related-content relationships...
   Created 8000 related-content relationships...
   Created 9000 related-content relationships...
   Created 10000 related-content relationships...
   Created 11000 related-content relationships...
   Created 12000 related-content relationships...
   Created 13000 related-content relationships...
   Created 14000 related-content relationships...
   Created 15000 related-content relationships...
   Created 16000 related-content relationships...
   Created 17000 related-content relationships...
   Created 18000 related-content relationships...
   ✅ Created 18546 related-content relationships

📊 RELATIONSHIP SUMMARY:
   Same Subject: 64027
   Same Year Level: 36594
   Lesson-Handout Pairs: 60227
   Unit-Lesson Hierarchies: 30863
   Cultural Connections: 1000
   Related Content: 18546
   ================================================================================
   TOTAL NEW RELATIONSHIPS: 211257

🚀 Inserting relationships into GraphRAG...
   ❌ Batch 1: {'message': 'new row violates row-level security policy for table "graphrag_rela
   ❌ Batch 2: {'message': 'new row violates row-level security policy for table "graphrag_rela
   ❌ Batch 3: {'message': 'new row violates row-level security policy for table "graphrag_rela
   ❌ Batch 4: {'message': 'new row violates row-level security policy for table "graphrag_rela
   ❌ Batch 5: {'message': 'new row violates row-level security policy for table "graphrag_rela
   ❌ Batch 6: {'message': 'new row violates row-level security policy for table "graphrag_rela
   ❌ Batch 7: {'message': 'new row violates row-level security policy for table "graphrag_rela
   ❌ Batch 8: {'message': 'new row violates row-level security policy for table "graphrag_rela
   ❌ Batch 9: {'message': 'new row violates row-level security policy for table "graphrag_rela
   ❌ Batch 10: {'message': 'new row violates row-level security policy for table "graphrag_rela
   ❌ Batch 11: {'message': 'new row violates row-level security policy for table "graphrag_rela
   ❌ Batch 12: {'message': 'new row violates row-level security policy for table "graphrag_rela
   ❌ Batch 13: {'message': 'new row violates row-level security policy for table "graphrag_rela
   ❌ Batch 14: {'message': 'new row violates row-level security policy for table "graphrag_rela
   ❌ Batch 15: {'message': 'new row violates row-level security policy for table "graphrag_rela
   ❌ Batch 16: {'message': 'new row violates row-level security policy for table "graphrag_rela
   ❌ Batch 17: {'message': 'new row violates row-level security policy for table "graphrag_rela
   ❌ Batch 18: {'message': 'new row violates row-level security policy for table "graphrag_rela
   ❌ Batch 19: {'message': 'new row violates row-level security policy for table "graphrag_rela
   ❌ Batch 20: {'message': 'new row violates row-level security policy for table "graphrag_rela
   ❌ Batch 21: {'message': 'new row violates row-level security policy for table "graphrag_rela
   ❌ Batch 22: {'message': 'new row violates row-level security policy for table "graphrag_rela
   ❌ Batch 23: {'message': 'new row violates row-level security policy for table "graphrag_rela
   ❌ Batch 24: {'message': 'new row violates row-level security policy for table "graphrag_rela
   ❌ Batch 25: {'message': 'new row violates row-level security policy for table "graphrag_rela
   ❌ Batch 26: {'message': 'new row violates row-level security policy for table "graphrag_rela
   ❌ Batch 27: {'message': 'new row violates row-level security policy for table "graphrag_rela
   ❌ Batch 28: {'message': 'new row violates row-level security policy for table "graphrag_rela
   ❌ Batch 29: {'message': 'new row violates row-level security policy for table "graphrag_rela
   ❌ Batch 30: {'message': 'new row violates row-level security policy for table "graphrag_rela
   ❌ Batch 31: {'message': 'new row violates row-level security policy for table "graphrag_rela
   ❌ Batch 32: {'message': 'new row violates row-level security policy for table "graphrag_rela
   ❌ Batch 33: {'message': 'new row violates row-level security policy for table "graphrag_rela
   ❌ Batch 34: {'message': 'new row violates row-level security policy for table "graphrag_rela
   ❌ Batch 35: {'message': 'new row violates row-level security policy for table "graphrag_rela
   ❌ Batch 36: {'message': 'new row violates row-level security policy for table "graphrag_rela
   ❌ Batch 37: {'message': 'new row violates row-level security policy for table "graphrag_rela
   ❌ Batch 38: {'message': 'new row violates row-level security policy for table "graphrag_rela
   ❌ Batch 39: {'message': 'new row violates row-level security policy for table "graphrag_rela
   ❌ Batch 40: {'message': 'new row violates row-level security policy for table "graphrag_rela
   ❌ Batch 41: {'message': 'new row violates row-level security policy for table "graphrag_rela
   ❌ Batch 42: {'message': 'new row violates row-level security policy for table "graphrag_rela
   ❌ Batch 43: {'message': 'new row violates row-level security policy for table "graphrag_rela
   ❌ Batch 44: {'message': 'new row violates row-level security policy for table "graphrag_rela
   ❌ Batch 45: {'message': 'new row violates row-level security policy for table "graphrag_rela
   ❌ Batch 46: {'message': 'new row violates row-level security policy for table "graphrag_rela
   ❌ Batch 47: {'message': 'new row violates row-level security policy for table "graphrag_rela
   ❌ Batch 48: {'message': 'new row violates row-level security policy for table "graphrag_rela
   ❌ Batch 49: {'message': 'new row violates row-level security policy for table "graphrag_rela
   ❌ Batch 50: {'message': 'new row violates row-level security policy for table "graphrag_rela
   ❌ Batch 51: {'message': 'new row violates row-level security policy for table "graphrag_rela
   ❌ Batch 52: {'message': 'new row violates row-level security policy for table "graphrag_rela
   ❌ Batch 53: {'message': 'new row violates row-level security policy for table "graphrag_rela
   ❌ Batch 54: {'message': 'new row violates row-level security policy for table "graphrag_rela
   ❌ Batch 55: {'message': 'new row violates row-level security policy for table "graphrag_rela
   ❌ Batch 56: {'message': 'new row violates row-level security policy for table "graphrag_rela
   ❌ Batch 57: {'message': 'new row violates row-level security policy for table "graphrag_rela
   ❌ Batch 58: {'message': 'new row violates row-level security policy for table "graphrag_rela
   ❌ Batch 59: {'message': 'new row violates row-level security policy for table "graphrag_rela
   ❌ Batch 60: {'message': 'new row violates row-level security policy for table "graphrag_rela
   ❌ Batch 61: {'message': 'new row violates row-level security policy for table "graphrag_rela
   ❌ Batch 62: {'message': 'new row violates row-level security policy for table "graphrag_rela
   ❌ Batch 63: {'message': 'new row violates row-level security policy for table "graphrag_rela
   ❌ Batch 64: {'message': 'new row violates row-level security policy for table "graphrag_rela
   ❌ Batch 65: {'message': 'new row violates row-level security policy for table "graphrag_rela
   ❌ Batch 66: {'message': 'new row violates row-level security policy for table "graphrag_rela
   ❌ Batch 67: {'message': 'new row violates row-level security policy for table "graphrag_rela
   ❌ Batch 68: {'message': 'new row violates row-level security policy for table "graphrag_rela
   ❌ Batch 69: {'message': 'new row violates row-level security policy for table "graphrag_rela
   ❌ Batch 70: {'message': 'new row violates row-level security policy for table "graphrag_rela
   ❌ Batch 71: {'message': 'new row violates row-level security policy for table "graphrag_rela
   ❌ Batch 72: {'message': 'new row violates row-level security policy for table "graphrag_rela
   ❌ Batch 73: {'message': 'new row violates row-level security policy for table "graphrag_rela
   ❌ Batch 74: {'message': 'new row violates row-level security policy for table "graphrag_rela
   ❌ Batch 75: {'message': 'new row violates row-level security policy for table "graphrag_rela
   ❌ Batch 76: {'message': 'new row violates row-level security policy for table "graphrag_rela
   ❌ Batch 77: {'message': 'new row violates row-level security policy for table "graphrag_rela
   ❌ Batch 78: {'message': 'new row violates row-level security policy for table "graphrag_rela
   ❌ Batch 79: {'message': 'new row violates row-level security policy for table "graphrag_rela
   ❌ Batch 80: {'message': 'new row violates row-level security policy for table "graphrag_rela
   ❌ Batch 81: {'message': 'new row violates row-level security policy for table "graphrag_rela
   ❌ Batch 82: {'message': 'new row violates row-level security policy for table "graphrag_rela
   ❌ Batch 83: {'message': 'new row violates row-level security policy for table "graphrag_rela
   ❌ Batch 84: {'message': 'new row violates row-level security policy for table "graphrag_rela
   ❌ Batch 85: {'message': 'new row violates row-level security policy for table "graphrag_rela
   ❌ Batch 86: {'message': 'new row violates row-level security policy for table "graphrag_rela
   ❌ Batch 87: {'message': 'new row violates row-level security policy for table "graphrag_rela
   ❌ Batch 88: {'message': 'new row violates row-level security policy for table "graphrag_rela
   ❌ Batch 89: {'message': 'new row violates row-level security policy for table "graphrag_rela
   ❌ Batch 90: {'message': 'new row violates row-level security policy for table "graphrag_rela
   ❌ Batch 91: {'message': 'new row violates row-level security policy for table "graphrag_rela
   ❌ Batch 92: {'message': 'new row violates row-level security policy for table "graphrag_rela
   ❌ Batch 93: {'message': 'new row violates row-level security policy for table "graphrag_rela
   ❌ Batch 94: {'message': 'new row violates row-level security policy for table "graphrag_rela
   ❌ Batch 95: {'message': 'new row violates row-level security policy for table "graphrag_rela
   ❌ Batch 96: {'message': 'new row violates row-level security policy for table "graphrag_rela
   ❌ Batch 97: {'message': 'new row violates row-level security policy for table "graphrag_rela
   ❌ Batch 98: {'message': 'new row violates row-level security policy for table "graphrag_rela
   ❌ Batch 99: {'message': 'new row violates row-level security policy for table "graphrag_rela
   ❌ Batch 100: {'message': 'new row violates row-level security policy for table "graphrag_rela
   ❌ Batch 101: {'message': 'new row violates row-level security policy for table "graphrag_rela
   ❌ Batch 102: {'message': 'new row violates row-level security policy for table "graphrag_rela
   ❌ Batch 103: {'message': 'new row violates row-level security policy for table "graphrag_rela
   ❌ Batch 104: {'message': 'new row violates row-level security policy for table "graphrag_rela
   ❌ Batch 105: {'message': 'new row violates row-level security policy for table "graphrag_rela
   ❌ Batch 106: {'message': 'new row violates row-level security policy for table "graphrag_rela
   ❌ Batch 107: {'message': 'new row violates row-level security policy for table "graphrag_rela
   ❌ Batch 108: {'message': 'new row violates row-level security policy for table "graphrag_rela
   ❌ Batch 109: {'message': 'new row violates row-level security policy for table "graphrag_rela
   ❌ Batch 110: {'message': 'new row violates row-level security policy for table "graphrag_rela
   ❌ Batch 111: {'message': 'new row violates row-level security policy for table "graphrag_rela
   ❌ Batch 112: {'message': 'new row violates row-level security policy for table "graphrag_rela
   ❌ Batch 113: {'message': 'new row violates row-level security policy for table "graphrag_rela
   ❌ Batch 114: {'message': 'new row violates row-level security policy for table "graphrag_rela
   ❌ Batch 115: {'message': 'new row violates row-level security policy for table "graphrag_rela
   ❌ Batch 116: {'message': 'new row violates row-level security policy for table "graphrag_rela
   ❌ Batch 117: {'message': 'new row violates row-level security policy for table "graphrag_rela
   ❌ Batch 118: {'message': 'new row violates row-level security policy for table "graphrag_rela
   ❌ Batch 119: {'message': 'new row violates row-level security policy for table "graphrag_rela
   ❌ Batch 120: {'message': 'new row violates row-level security policy for table "graphrag_rela
   ❌ Batch 121: {'message': 'new row violates row-level security policy for table "graphrag_rela
   ❌ Batch 122: {'message': 'new row violates row-level security policy for table "graphrag_rela
   ❌ Batch 123: {'message': 'new row violates row-level security policy for table "graphrag_rela
   ❌ Batch 124: {'message': 'new row violates row-level security policy for table "graphrag_rela
   ❌ Batch 125: {'message': 'new row violates row-level security policy for table "graphrag_rela
   ❌ Batch 126: {'message': 'new row violates row-level security policy for table "graphrag_rela
   ❌ Batch 127: {'message': 'new row violates row-level security policy for table "graphrag_rela
   ❌ Batch 128: {'message': 'new row violates row-level security policy for table "graphrag_rela
   ❌ Batch 129: {'message': 'new row violates row-level security policy for table "graphrag_rela
   ❌ Batch 130: {'message': 'new row violates row-level security policy for table "graphrag_rela
   ❌ Batch 131: {'message': 'new row violates row-level security policy for table "graphrag_rela
   ❌ Batch 132: {'message': 'new row violates row-level security policy for table "graphrag_rela
   ❌ Batch 133: {'message': 'new row violates row-level security policy for table "graphrag_rela
   ❌ Batch 134: {'message': 'new row violates row-level security policy for table "graphrag_rela
   ❌ Batch 135: {'message': 'new row violates row-level security policy for table "graphrag_rela
   ❌ Batch 136: {'message': 'new row violates row-level security policy for table "graphrag_rela
   ❌ Batch 137: {'message': 'new row violates row-level security policy for table "graphrag_rela
   ❌ Batch 138: {'message': 'new row violates row-level security policy for table "graphrag_rela
   ❌ Batch 139: {'message': 'new row violates row-level security policy for table "graphrag_rela
   ❌ Batch 140: {'message': 'new row violates row-level security policy for table "graphrag_rela
   ❌ Batch 141: {'message': 'new row violates row-level security policy for table "graphrag_rela
   ❌ Batch 142: {'message': 'new row violates row-level security policy for table "graphrag_rela
   ❌ Batch 143: {'message': 'new row violates row-level security policy for table "graphrag_rela
   ❌ Batch 144: {'message': 'new row violates row-level security policy for table "graphrag_rela
   ❌ Batch 145: {'message': 'new row violates row-level security policy for table "graphrag_rela
   ❌ Batch 146: {'message': 'new row violates row-level security policy for table "graphrag_rela
   ❌ Batch 147: {'message': 'new row violates row-level security policy for table "graphrag_rela
   ❌ Batch 148: {'message': 'new row violates row-level security policy for table "graphrag_rela
   ❌ Batch 149: {'message': 'new row violates row-level security policy for table "graphrag_rela
   ❌ Batch 150: {'message': 'new row violates row-level security policy for table "graphrag_rela
   ❌ Batch 151: {'message': 'new row violates row-level security policy for table "graphrag_rela
   ❌ Batch 152: {'message': 'new row violates row-level security policy for table "graphrag_rela
   ❌ Batch 153: {'message': 'new row violates row-level security policy for table "graphrag_rela
   ❌ Batch 154: {'message': 'new row violates row-level security policy for table "graphrag_rela
   ❌ Batch 155: {'message': 'new row violates row-level security policy for table "graphrag_rela
   ❌ Batch 156: {'message': 'new row violates row-level security policy for table "graphrag_rela
   ❌ Batch 157: {'message': 'new row violates row-level security policy for table "graphrag_rela
   ❌ Batch 158: {'message': 'new row violates row-level security policy for table "graphrag_rela
   ❌ Batch 159: {'message': 'new row violates row-level security policy for table "graphrag_rela
   ❌ Batch 160: {'message': 'new row violates row-level security policy for table "graphrag_rela
   ❌ Batch 161: {'message': 'new row violates row-level security policy for table "graphrag_rela
   ❌ Batch 162: {'message': 'new row violates row-level security policy for table "graphrag_rela
   ❌ Batch 163: {'message': 'new row violates row-level security policy for table "graphrag_rela
   ❌ Batch 164: {'message': 'new row violates row-level security policy for table "graphrag_rela
   ❌ Batch 165: {'message': 'new row violates row-level security policy for table "graphrag_rela
   ❌ Batch 166: {'message': 'new row violates row-level security policy for table "graphrag_rela
   ❌ Batch 167: {'message': 'new row violates row-level security policy for table "graphrag_rela
   ❌ Batch 168: {'message': 'new row violates row-level security policy for table "graphrag_rela
   ❌ Batch 169: {'message': 'new row violates row-level security policy for table "graphrag_rela
   ❌ Batch 170: {'message': 'new row violates row-level security policy for table "graphrag_rela
   ❌ Batch 171: {'message': 'new row violates row-level security policy for table "graphrag_rela
   ❌ Batch 172: {'message': 'new row violates row-level security policy for table "graphrag_rela
   ❌ Batch 173: {'message': 'new row violates row-level security policy for table "graphrag_rela
   ❌ Batch 174: {'message': 'new row violates row-level security policy for table "graphrag_rela
   ❌ Batch 175: {'message': 'new row violates row-level security policy for table "graphrag_rela
   ❌ Batch 176: {'message': 'new row violates row-level security policy for table "graphrag_rela
   ❌ Batch 177: {'message': 'new row violates row-level security policy for table "graphrag_rela
   ❌ Batch 178: {'message': 'new row violates row-level security policy for table "graphrag_rela
   ❌ Batch 179: {'message': 'new row violates row-level security policy for table "graphrag_rela
   ❌ Batch 180: {'message': 'new row violates row-level security policy for table "graphrag_rela
   ❌ Batch 181: {'message': 'new row violates row-level security policy for table "graphrag_rela
   ❌ Batch 182: {'message': 'new row violates row-level security policy for table "graphrag_rela
   ❌ Batch 183: {'message': 'new row violates row-level security policy for table "graphrag_rela
   ❌ Batch 184: {'message': 'new row violates row-level security policy for table "graphrag_rela
   ❌ Batch 185: {'message': 'new row violates row-level security policy for table "graphrag_rela
   ❌ Batch 186: {'message': 'new row violates row-level security policy for table "graphrag_rela
   ❌ Batch 187: {'message': 'new row violates row-level security policy for table "graphrag_rela
   ❌ Batch 188: {'message': 'new row violates row-level security policy for table "graphrag_rela
   ❌ Batch 189: {'message': 'new row violates row-level security policy for table "graphrag_rela
   ❌ Batch 190: {'message': 'new row violates row-level security policy for table "graphrag_rela
   ❌ Batch 191: {'message': 'new row violates row-level security policy for table "graphrag_rela
   ❌ Batch 192: {'message': 'new row violates row-level security policy for table "graphrag_rela
   ❌ Batch 193: {'message': 'new row violates row-level security policy for table "graphrag_rela
   ❌ Batch 194: {'message': 'new row violates row-level security policy for table "graphrag_rela
   ❌ Batch 195: {'message': 'new row violates row-level security policy for table "graphrag_rela
   ❌ Batch 196: {'message': 'new row violates row-level security policy for table "graphrag_rela
   ❌ Batch 197: {'message': 'new row violates row-level security policy for table "graphrag_rela
   ❌ Batch 198: {'message': 'new row violates row-level security policy for table "graphrag_rela
   ❌ Batch 199: {'message': 'new row violates row-level security policy for table "graphrag_rela
   ❌ Batch 200: {'message': 'new row violates row-level security policy for table "graphrag_rela
   ❌ Batch 201: {'message': 'new row violates row-level security policy for table "graphrag_rela
   ❌ Batch 202: {'message': 'new row violates row-level security policy for table "graphrag_rela
   ❌ Batch 203: {'message': 'new row violates row-level security policy for table "graphrag_rela
   ❌ Batch 204: {'message': 'new row violates row-level security policy for table "graphrag_rela
   ❌ Batch 205: {'message': 'new row violates row-level security policy for table "graphrag_rela
   ❌ Batch 206: {'message': 'new row violates row-level security policy for table "graphrag_rela
   ❌ Batch 207: {'message': 'new row violates row-level security policy for table "graphrag_rela
   ❌ Batch 208: {'message': 'new row violates row-level security policy for table "graphrag_rela
   ❌ Batch 209: {'message': 'new row violates row-level security policy for table "graphrag_rela
   ❌ Batch 210: {'message': 'new row violates row-level security policy for table "graphrag_rela
   ❌ Batch 211: {'message': 'new row violates row-level security policy for table "graphrag_rela
   ❌ Batch 212: {'message': 'new row violates row-level security policy for table "graphrag_rela
   ❌ Batch 213: {'message': 'new row violates row-level security policy for table "graphrag_rela
   ❌ Batch 214: {'message': 'new row violates row-level security policy for table "graphrag_rela
   ❌ Batch 215: {'message': 'new row violates row-level security policy for table "graphrag_rela
   ❌ Batch 216: {'message': 'new row violates row-level security policy for table "graphrag_rela
   ❌ Batch 217: {'message': 'new row violates row-level security policy for table "graphrag_rela
   ❌ Batch 218: {'message': 'new row violates row-level security policy for table "graphrag_rela
   ❌ Batch 219: {'message': 'new row violates row-level security policy for table "graphrag_rela
   ❌ Batch 220: {'message': 'new row violates row-level security policy for table "graphrag_rela
   ❌ Batch 221: {'message': 'new row violates row-level security policy for table "graphrag_rela
   ❌ Batch 222: {'message': 'new row violates row-level security policy for table "graphrag_rela
   ❌ Batch 223: {'message': 'new row violates row-level security policy for table "graphrag_rela
   ❌ Batch 224: {'message': 'new row violates row-level security policy for table "graphrag_rela
   ❌ Batch 225: {'message': 'new row violates row-level security policy for table "graphrag_rela
   ❌ Batch 226: {'message': 'new row violates row-level security policy for table "graphrag_rela
   ❌ Batch 227: {'message': 'new row violates row-level security policy for table "graphrag_rela
   ❌ Batch 228: {'message': 'new row violates row-level security policy for table "graphrag_rela
   ❌ Batch 229: {'message': 'new row violates row-level security policy for table "graphrag_rela
   ❌ Batch 230: {'message': 'new row violates row-level security policy for table "graphrag_rela
   ❌ Batch 231: {'message': 'new row violates row-level security policy for table "graphrag_rela
   ❌ Batch 232: {'message': 'new row violates row-level security policy for table "graphrag_rela
   ❌ Batch 233: {'message': 'new row violates row-level security policy for table "graphrag_rela
   ❌ Batch 234: {'message': 'new row violates row-level security policy for table "graphrag_rela
   ❌ Batch 235: {'message': 'new row violates row-level security policy for table "graphrag_rela
   ❌ Batch 236: {'message': 'new row violates row-level security policy for table "graphrag_rela
   ❌ Batch 237: {'message': 'new row violates row-level security policy for table "graphrag_rela
   ❌ Batch 238: {'message': 'new row violates row-level security policy for table "graphrag_rela
   ❌ Batch 239: {'message': 'new row violates row-level security policy for table "graphrag_rela
   ❌ Batch 240: {'message': 'new row violates row-level security policy for table "graphrag_rela
   ❌ Batch 241: {'message': 'new row violates row-level security policy for table "graphrag_rela
   ❌ Batch 242: {'message': 'new row violates row-level security policy for table "graphrag_rela
   ❌ Batch 243: {'message': 'new row violates row-level security policy for table "graphrag_rela
   ❌ Batch 244: {'message': 'new row violates row-level security policy for table "graphrag_rela
   ❌ Batch 245: {'message': 'new row violates row-level security policy for table "graphrag_rela
   ❌ Batch 246: {'message': 'new row violates row-level security policy for table "graphrag_rela
   ❌ Batch 247: {'message': 'new row violates row-level security policy for table "graphrag_rela
   ❌ Batch 248: {'message': 'new row violates row-level security policy for table "graphrag_rela
   ❌ Batch 249: {'message': 'new row violates row-level security policy for table "graphrag_rela
   ❌ Batch 250: {'message': 'new row violates row-level security policy for table "graphrag_rela
   ❌ Batch 251: {'message': 'new row violates row-level security policy for table "graphrag_rela
   ❌ Batch 252: {'message': 'new row violates row-level security policy for table "graphrag_rela
   ❌ Batch 253: {'message': 'new row violates row-level security policy for table "graphrag_rela
   ❌ Batch 254: {'message': 'new row violates row-level security policy for table "graphrag_rela
   ❌ Batch 255: {'message': 'new row violates row-level security policy for table "graphrag_rela
   ❌ Batch 256: {'message': 'new row violates row-level security policy for table "graphrag_rela
   ❌ Batch 257: {'message': 'new row violates row-level security policy for table "graphrag_rela
   ❌ Batch 258: {'message': 'new row violates row-level security policy for table "graphrag_rela
   ❌ Batch 259: {'message': 'new row violates row-level security policy for table "graphrag_rela
   ❌ Batch 260: {'message': 'new row violates row-level security policy for table "graphrag_rela
   ❌ Batch 261: {'message': 'new row violates row-level security policy for table "graphrag_rela
   ❌ Batch 262: {'message': 'new row violates row-level security policy for table "graphrag_rela
   ❌ Batch 263: {'message': 'new row violates row-level security policy for table "graphrag_rela
   ❌ Batch 264: {'message': 'new row violates row-level security policy for table "graphrag_rela
   ❌ Batch 265: {'message': 'new row violates row-level security policy for table "graphrag_rela
   ❌ Batch 266: {'message': 'new row violates row-level security policy for table "graphrag_rela
   ❌ Batch 267: {'message': 'new row violates row-level security policy for table "graphrag_rela
   ❌ Batch 268: {'message': 'new row violates row-level security policy for table "graphrag_rela
   ❌ Batch 269: {'message': 'new row violates row-level security policy for table "graphrag_rela
   ❌ Batch 270: {'message': 'new row violates row-level security policy for table "graphrag_rela
   ❌ Batch 271: {'message': 'new row violates row-level security policy for table "graphrag_rela
   ❌ Batch 272: {'message': 'new row violates row-level security policy for table "graphrag_rela
   ❌ Batch 273: {'message': 'new row violates row-level security policy for table "graphrag_rela
   ❌ Batch 274: {'message': 'new row violates row-level security policy for table "graphrag_rela
   ❌ Batch 275: {'message': 'new row violates row-level security policy for table "graphrag_rela
   ❌ Batch 276: {'message': 'new row violates row-level security policy for table "graphrag_rela
   ❌ Batch 277: {'message': 'new row violates row-level security policy for table "graphrag_rela
   ❌ Batch 278: {'message': 'new row violates row-level security policy for table "graphrag_rela
   ❌ Batch 279: {'message': 'new row violates row-level security policy for table "graphrag_rela
   ❌ Batch 280: {'message': 'new row violates row-level security policy for table "graphrag_rela
   ❌ Batch 281: {'message': 'new row violates row-level security policy for table "graphrag_rela
   ❌ Batch 282: {'message': 'new row violates row-level security policy for table "graphrag_rela
   ❌ Batch 283: {'message': 'new row violates row-level security policy for table "graphrag_rela
   ❌ Batch 284: {'message': 'new row violates row-level security policy for table "graphrag_rela
   ❌ Batch 285: {'message': 'new row violates row-level security policy for table "graphrag_rela
   ❌ Batch 286: {'message': 'new row violates row-level security policy for table "graphrag_rela
   ❌ Batch 287: {'message': 'new row violates row-level security policy for table "graphrag_rela
   ❌ Batch 288: {'message': 'new row violates row-level security policy for table "graphrag_rela
   ❌ Batch 289: {'message': 'new row violates row-level security policy for table "graphrag_rela
   ❌ Batch 290: {'message': 'new row violates row-level security policy for table "graphrag_rela
   ❌ Batch 291: {'message': 'new row violates row-level security policy for table "graphrag_rela
   ❌ Batch 292: {'message': 'new row violates row-level security policy for table "graphrag_rela
   ❌ Batch 293: {'message': 'new row violates row-level security policy for table "graphrag_rela
   ❌ Batch 294: {'message': 'new row violates row-level security policy for table "graphrag_rela
   ❌ Batch 295: {'message': 'new row violates row-level security policy for table "graphrag_rela
   ❌ Batch 296: {'message': 'new row violates row-level security policy for table "graphrag_rela
   ❌ Batch 297: {'message': 'new row violates row-level security policy for table "graphrag_rela
   ❌ Batch 298: {'message': 'new row violates row-level security policy for table "graphrag_rela
   ❌ Batch 299: {'message': 'new row violates row-level security policy for table "graphrag_rela
   ❌ Batch 300: {'message': 'new row violates row-level security policy for table "graphrag_rela
   ❌ Batch 301: {'message': 'new row violates row-level security policy for table "graphrag_rela
   ❌ Batch 302: {'message': 'new row violates row-level security policy for table "graphrag_rela
   ❌ Batch 303: {'message': 'new row violates row-level security policy for table "graphrag_rela
   ❌ Batch 304: {'message': 'new row violates row-level security policy for table "graphrag_rela
   ❌ Batch 305: {'message': 'new row violates row-level security policy for table "graphrag_rela
   ❌ Batch 306: {'message': 'new row violates row-level security policy for table "graphrag_rela
   ❌ Batch 307: {'message': 'new row violates row-level security policy for table "graphrag_rela
   ❌ Batch 308: {'message': 'new row violates row-level security policy for table "graphrag_rela
   ❌ Batch 309: {'message': 'new row violates row-level security policy for table "graphrag_rela
   ❌ Batch 310: {'message': 'new row violates row-level security policy for table "graphrag_rela
   ❌ Batch 311: {'message': 'new row violates row-level security policy for table "graphrag_rela
   ❌ Batch 312: {'message': 'new row violates row-level security policy for table "graphrag_rela
   ❌ Batch 313: {'message': 'new row violates row-level security policy for table "graphrag_rela
   ❌ Batch 314: {'message': 'new row violates row-level security policy for table "graphrag_rela
   ❌ Batch 315: {'message': 'new row violates row-level security policy for table "graphrag_rela
   ❌ Batch 316: {'message': 'new row violates row-level security policy for table "graphrag_rela
   ❌ Batch 317: {'message': 'new row violates row-level security policy for table "graphrag_rela
   ❌ Batch 318: {'message': 'new row violates row-level security policy for table "graphrag_rela
   ❌ Batch 319: {'message': 'new row violates row-level security policy for table "graphrag_rela
   ❌ Batch 320: {'message': 'new row violates row-level security policy for table "graphrag_rela
   ❌ Batch 321: {'message': 'new row violates row-level security policy for table "graphrag_rela
   ❌ Batch 322: {'message': 'new row violates row-level security policy for table "graphrag_rela
   ❌ Batch 323: {'message': 'new row violates row-level security policy for table "graphrag_rela
   ❌ Batch 324: {'message': 'new row violates row-level security policy for table "graphrag_rela
   ❌ Batch 325: {'message': 'new row violates row-level security policy for table "graphrag_rela
   ❌ Batch 326: {'message': 'new row violates row-level security policy for table "graphrag_rela
   ❌ Batch 327: {'message': 'new row violates row-level security policy for table "graphrag_rela
   ❌ Batch 328: {'message': 'new row violates row-level security policy for table "graphrag_rela
   ❌ Batch 329: {'message': 'new row violates row-level security policy for table "graphrag_rela
   ❌ Batch 330: {'message': 'new row violates row-level security policy for table "graphrag_rela
   ❌ Batch 331: {'message': 'new row violates row-level security policy for table "graphrag_rela
   ❌ Batch 332: {'message': 'new row violates row-level security policy for table "graphrag_rela
   ❌ Batch 333: {'message': 'new row violates row-level security policy for table "graphrag_rela
   ❌ Batch 334: {'message': 'new row violates row-level security policy for table "graphrag_rela
   ❌ Batch 335: {'message': 'new row violates row-level security policy for table "graphrag_rela
   ❌ Batch 336: {'message': 'new row violates row-level security policy for table "graphrag_rela
   ❌ Batch 337: {'message': 'new row violates row-level security policy for table "graphrag_rela
   ❌ Batch 338: {'message': 'new row violates row-level security policy for table "graphrag_rela
   ❌ Batch 339: {'message': 'new row violates row-level security policy for table "graphrag_rela
   ❌ Batch 340: {'message': 'new row violates row-level security policy for table "graphrag_rela
   ❌ Batch 341: {'message': 'new row violates row-level security policy for table "graphrag_rela
   ❌ Batch 342: {'message': 'new row violates row-level security policy for table "graphrag_rela
   ❌ Batch 343: {'message': 'new row violates row-level security policy for table "graphrag_rela
   ❌ Batch 344: {'message': 'new row violates row-level security policy for table "graphrag_rela
   ❌ Batch 345: {'message': 'new row violates row-level security policy for table "graphrag_rela
   ❌ Batch 346: {'message': 'new row violates row-level security policy for table "graphrag_rela
   ❌ Batch 347: {'message': 'new row violates row-level security policy for table "graphrag_rela
   ❌ Batch 348: {'message': 'new row violates row-level security policy for table "graphrag_rela
   ❌ Batch 349: {'message': 'new row violates row-level security policy for table "graphrag_rela
   ❌ Batch 350: {'message': 'new row violates row-level security policy for table "graphrag_rela
   ❌ Batch 351: {'message': 'new row violates row-level security policy for table "graphrag_rela
   ❌ Batch 352: {'message': 'new row violates row-level security policy for table "graphrag_rela
   ❌ Batch 353: {'message': 'new row violates row-level security policy for table "graphrag_rela
   ❌ Batch 354: {'message': 'new row violates row-level security policy for table "graphrag_rela
   ❌ Batch 355: {'message': 'new row violates row-level security policy for table "graphrag_rela
   ❌ Batch 356: {'message': 'new row violates row-level security policy for table "graphrag_rela
   ❌ Batch 357: {'message': 'new row violates row-level security policy for table "graphrag_rela
   ❌ Batch 358: {'message': 'new row violates row-level security policy for table "graphrag_rela
   ❌ Batch 359: {'message': 'new row violates row-level security policy for table "graphrag_rela
   ❌ Batch 360: {'message': 'new row violates row-level security policy for table "graphrag_rela
   ❌ Batch 361: {'message': 'new row violates row-level security policy for table "graphrag_rela
   ❌ Batch 362: {'message': 'new row violates row-level security policy for table "graphrag_rela
   ❌ Batch 363: {'message': 'new row violates row-level security policy for table "graphrag_rela
   ❌ Batch 364: {'message': 'new row violates row-level security policy for table "graphrag_rela
   ❌ Batch 365: {'message': 'new row violates row-level security policy for table "graphrag_rela
   ❌ Batch 366: {'message': 'new row violates row-level security policy for table "graphrag_rela
   ❌ Batch 367: {'message': 'new row violates row-level security policy for table "graphrag_rela
   ❌ Batch 368: {'message': 'new row violates row-level security policy for table "graphrag_rela
   ❌ Batch 369: {'message': 'new row violates row-level security policy for table "graphrag_rela
   ❌ Batch 370: {'message': 'new row violates row-level security policy for table "graphrag_rela
   ❌ Batch 371: {'message': 'new row violates row-level security policy for table "graphrag_rela
   ❌ Batch 372: {'message': 'new row violates row-level security policy for table "graphrag_rela
   ❌ Batch 373: {'message': 'new row violates row-level security policy for table "graphrag_rela
   ❌ Batch 374: {'message': 'new row violates row-level security policy for table "graphrag_rela
   ❌ Batch 375: {'message': 'new row violates row-level security policy for table "graphrag_rela
   ❌ Batch 376: {'message': 'new row violates row-level security policy for table "graphrag_rela
   ❌ Batch 377: {'message': 'new row violates row-level security policy for table "graphrag_rela
   ❌ Batch 378: {'message': 'new row violates row-level security policy for table "graphrag_rela
   ❌ Batch 379: {'message': 'new row violates row-level security policy for table "graphrag_rela
   ❌ Batch 380: {'message': 'new row violates row-level security policy for table "graphrag_rela
   ❌ Batch 381: {'message': 'new row violates row-level security policy for table "graphrag_rela
   ❌ Batch 382: {'message': 'new row violates row-level security policy for table "graphrag_rela
   ❌ Batch 383: {'message': 'new row violates row-level security policy for table "graphrag_rela
   ❌ Batch 384: {'message': 'new row violates row-level security policy for table "graphrag_rela
   ❌ Batch 385: {'message': 'new row violates row-level security policy for table "graphrag_rela
   ❌ Batch 386: {'message': 'new row violates row-level security policy for table "graphrag_rela
   ❌ Batch 387: {'message': 'new row violates row-level security policy for table "graphrag_rela
   ❌ Batch 388: {'message': 'new row violates row-level security policy for table "graphrag_rela
   ❌ Batch 389: {'message': 'new row violates row-level security policy for table "graphrag_rela
   ❌ Batch 390: {'message': 'new row violates row-level security policy for table "graphrag_rela
   ❌ Batch 391: {'message': 'new row violates row-level security policy for table "graphrag_rela
   ❌ Batch 392: {'message': 'new row violates row-level security policy for table "graphrag_rela
   ❌ Batch 393: {'message': 'new row violates row-level security policy for table "graphrag_rela
   ❌ Batch 394: {'message': 'new row violates row-level security policy for table "graphrag_rela
   ❌ Batch 395: {'message': 'new row violates row-level security policy for table "graphrag_rela
   ❌ Batch 396: {'message': 'new row violates row-level security policy for table "graphrag_rela
   ❌ Batch 397: {'message': 'new row violates row-level security policy for table "graphrag_rela
   ❌ Batch 398: {'message': 'new row violates row-level security policy for table "graphrag_rela
   ❌ Batch 399: {'message': 'new row violates row-level security policy for table "graphrag_rela
   ❌ Batch 400: {'message': 'new row violates row-level security policy for table "graphrag_rela
   ❌ Batch 401: {'message': 'new row violates row-level security policy for table "graphrag_rela
   ❌ Batch 402: {'message': 'new row violates row-level security policy for table "graphrag_rela
   ❌ Batch 403: {'message': 'new row violates row-level security policy for table "graphrag_rela
   ❌ Batch 404: {'message': 'new row violates row-level security policy for table "graphrag_rela
   ❌ Batch 405: {'message': 'new row violates row-level security policy for table "graphrag_rela
   ❌ Batch 406: {'message': 'new row violates row-level security policy for table "graphrag_rela
   ❌ Batch 407: {'message': 'new row violates row-level security policy for table "graphrag_rela
   ❌ Batch 408: {'message': 'new row violates row-level security policy for table "graphrag_rela
   ❌ Batch 409: {'message': 'new row violates row-level security policy for table "graphrag_rela
   ❌ Batch 410: {'message': 'new row violates row-level security policy for table "graphrag_rela
   ❌ Batch 411: {'message': 'new row violates row-level security policy for table "graphrag_rela
   ❌ Batch 412: {'message': 'new row violates row-level security policy for table "graphrag_rela
   ❌ Batch 413: {'message': 'new row violates row-level security policy for table "graphrag_rela
   ❌ Batch 414: {'message': 'new row violates row-level security policy for table "graphrag_rela
   ❌ Batch 415: {'message': 'new row violates row-level security policy for table "graphrag_rela
   ❌ Batch 416: {'message': 'new row violates row-level security policy for table "graphrag_rela
   ❌ Batch 417: {'message': 'new row violates row-level security policy for table "graphrag_rela
   ❌ Batch 418: {'message': 'new row violates row-level security policy for table "graphrag_rela
   ❌ Batch 419: {'message': 'new row violates row-level security policy for table "graphrag_rela
   ❌ Batch 420: {'message': 'new row violates row-level security policy for table "graphrag_rela
   ❌ Batch 421: {'message': 'new row violates row-level security policy for table "graphrag_rela
   ❌ Batch 422: {'message': 'new row violates row-level security policy for table "graphrag_rela
   ❌ Batch 423: {'message': 'new row violates row-level security policy for table "graphrag_rela

================================================================================
✅ RELATIONSHIP BUILDING COMPLETE!
================================================================================
   New relationships created: 0
   Errors: 211257
================================================================================

🎉 GraphRAG Relationships: 5389 → 5402
   Net increase: +13

🔗 GraphRAG is now fully connected and ready to use!
