main.css:10  GET https://tekete.netlify.app/css/design-system-v3.css net::ERR_ABORTED 404 (Not Found)
main.css:11  GET https://tekete.netlify.app/css/enhanced-beauty-system.css net::ERR_ABORTED 404 (Not Found)
(index):64 cdn.tailwindcss.com should not be used in production. To use Tailwind CSS in production, install it as a PostCSS plugin or use the Tailwind CLI: https://tailwindcss.com/docs/installation
overrideMethod @ hook.js:608
(anonymous) @ (index):64
(anonymous) @ (index):64
graphrag-recommendations.js:286 Uncaught SyntaxError: Unexpected token '.' (at graphrag-recommendations.js:286:11)
VM266 enhanced-search.js:304 Uncaught SyntaxError: Unexpected token ')' (at VM266 enhanced-search.js:304:2)
enhanced-search.js:304 Uncaught 
 🎯 Device optimizations applied: {touchDevice: false, slowConnection: false}
 🔍 Starting touch target audit...
 
📊 Touch Target Audit Report
 =====================================
 Total elements checked: 126
 Issues found: 33
 
❌ Issues found:
 
1. a.skip-link
    Current size: 188x48px
    - Size 188x48px is below comfortable tablet target 56px
 
2. a
    Current size: 75x43px
    - Height 43px is below minimum 48px
    - Size 75x43px is below comfortable tablet target 56px
 
3. a
    Current size: 93x48px
    - Size 93x48px is below comfortable tablet target 56px
 
4. a
    Current size: 169x48px
    - Size 169x48px is below comfortable tablet target 56px
 
5. a
    Current size: 170x48px
    - Size 170x48px is below comfortable tablet target 56px
 
6. a
    Current size: 342x46px
    - Height 46px is below minimum 48px
    - Size 342x46px is below comfortable tablet target 56px
 
7. a
    Current size: 368x53px
    - Size 368x53px is below comfortable tablet target 56px
touch-target-auditor.js:185 
8. a
touch-target-auditor.js:186    Current size: 368x53px
touch-target-auditor.js:188    - Size 368x53px is below comfortable tablet target 56px
touch-target-auditor.js:185 
9. a
touch-target-auditor.js:186    Current size: 368x53px
touch-target-auditor.js:188    - Size 368x53px is below comfortable tablet target 56px
touch-target-auditor.js:185 
10. a
touch-target-auditor.js:186    Current size: 118x45px
touch-target-auditor.js:188    - Height 45px is below minimum 48px
touch-target-auditor.js:188    - Size 118x45px is below comfortable tablet target 56px
touch-target-auditor.js:185 
11. a
touch-target-auditor.js:186    Current size: 118x45px
touch-target-auditor.js:188    - Height 45px is below minimum 48px
touch-target-auditor.js:188    - Size 118x45px is below comfortable tablet target 56px
touch-target-auditor.js:185 
12. a
touch-target-auditor.js:186    Current size: 252x48px
touch-target-auditor.js:188    - Size 252x48px is below comfortable tablet target 56px
touch-target-auditor.js:185 
13. a.btn.btn-primary
touch-target-auditor.js:186    Current size: 282x48px
touch-target-auditor.js:188    - Size 282x48px is below comfortable tablet target 56px
touch-target-auditor.js:185 
14. a.btn.btn-secondary
touch-target-auditor.js:186    Current size: 232x48px
touch-target-auditor.js:188    - Size 232x48px is below comfortable tablet target 56px
touch-target-auditor.js:185 
15. a
touch-target-auditor.js:186    Current size: 194x48px
touch-target-auditor.js:188    - Size 194x48px is below comfortable tablet target 56px
touch-target-auditor.js:185 
16. a
touch-target-auditor.js:186    Current size: 174x52px
touch-target-auditor.js:188    - Size 174x52px is below comfortable tablet target 56px
touch-target-auditor.js:185 
17. a
touch-target-auditor.js:186    Current size: 148x52px
touch-target-auditor.js:188    - Size 148x52px is below comfortable tablet target 56px
touch-target-auditor.js:185 
18. a
touch-target-auditor.js:186    Current size: 182x48px
touch-target-auditor.js:188    - Size 182x48px is below comfortable tablet target 56px
touch-target-auditor.js:185 
19. a
touch-target-auditor.js:186    Current size: 163x48px
touch-target-auditor.js:188    - Size 163x48px is below comfortable tablet target 56px
touch-target-auditor.js:185 
20. a
touch-target-auditor.js:186    Current size: 207x48px
touch-target-auditor.js:188    - Size 207x48px is below comfortable tablet target 56px
touch-target-auditor.js:185 
21. a
touch-target-auditor.js:186    Current size: 244x52px
touch-target-auditor.js:188    - Size 244x52px is below comfortable tablet target 56px
touch-target-auditor.js:185 
22. a
touch-target-auditor.js:186    Current size: 228x52px
touch-target-auditor.js:188    - Size 228x52px is below comfortable tablet target 56px
touch-target-auditor.js:185 
23. a
touch-target-auditor.js:186    Current size: 249x52px
touch-target-auditor.js:188    - Size 249x52px is below comfortable tablet target 56px
touch-target-auditor.js:185 
24. a.btn.btn-primary
touch-target-auditor.js:186    Current size: 255x48px
touch-target-auditor.js:188    - Size 255x48px is below comfortable tablet target 56px
touch-target-auditor.js:185 
25. a.btn.btn-primary
touch-target-auditor.js:186    Current size: 287x48px
touch-target-auditor.js:188    - Size 287x48px is below comfortable tablet target 56px
touch-target-auditor.js:185 
26. a.btn.btn-secondary
touch-target-auditor.js:186    Current size: 167x52px
touch-target-auditor.js:188    - Size 167x52px is below comfortable tablet target 56px
touch-target-auditor.js:185 
27. a.btn.btn-secondary
touch-target-auditor.js:186    Current size: 155x52px
touch-target-auditor.js:188    - Size 155x52px is below comfortable tablet target 56px
touch-target-auditor.js:185 
28. a.btn.btn-primary
touch-target-auditor.js:186    Current size: 149x48px
touch-target-auditor.js:188    - Size 149x48px is below comfortable tablet target 56px
touch-target-auditor.js:185 
29. a.btn.btn-primary
touch-target-auditor.js:186    Current size: 163x48px
touch-target-auditor.js:188    - Size 163x48px is below comfortable tablet target 56px
touch-target-auditor.js:185 
30. a.btn.btn-primary
touch-target-auditor.js:186    Current size: 137x48px
touch-target-auditor.js:188    - Size 137x48px is below comfortable tablet target 56px
touch-target-auditor.js:185 
31. a.btn.btn-primary.btn-large
touch-target-auditor.js:186    Current size: 158x48px
touch-target-auditor.js:188    - Size 158x48px is below comfortable tablet target 56px
touch-target-auditor.js:185 
32. a.btn.btn-secondary.btn-large
touch-target-auditor.js:186    Current size: 173x48px
touch-target-auditor.js:188    - Size 173x48px is below comfortable tablet target 56px
touch-target-auditor.js:188    - Too close to another interactive element (4px spacing, minimum 8px required)
touch-target-auditor.js:185 
33. a.btn.btn-outline.btn-large
touch-target-auditor.js:186    Current size: 189x48px
touch-target-auditor.js:188    - Size 189x48px is below comfortable tablet target 56px
touch-target-auditor.js:188    - Too close to another interactive element (4px spacing, minimum 8px required)
framer-cultural-gestures-ultimate.js:35 🎨 Te Kete Cultural Gestures: Initializing...
framer-cultural-gestures-ultimate.js:610 🎨 Te Kete Cultural Gestures loaded successfully!
te-kete-professional.js:492 🧺 Te Kete Ako Professional JavaScript initialized
posthog-analytics.js:36 🎨 Te Kete Analytics: Initializing with kaitiakitanga...
posthog-analytics.js:41 ✨ Analytics disabled - respecting user privacy or API key not configured
supabase-js@2:7 Multiple GoTrueClient instances detected in the same browser context. It is not an error, but this should be avoided as it may produce undefined behavior when used concurrently under the same storage key.
overrideMethod @ hook.js:608
ke @ supabase-js@2:7
i @ supabase-js@2:7
_initSupabaseAuthClient @ supabase-js@2:7
t.default @ supabase-js@2:7
t.createClient @ supabase-js@2:7
GraphRAGConnectionCounter.init @ graphrag-connection-counter.js:253
GraphRAGConnectionCounter @ graphrag-connection-counter.js:18
(anonymous) @ graphrag-connection-counter.js:268
graphrag-connection-counter.js:254 ✅ GraphRAG Connection Counter initialized
graphrag-connection-counter.js:196 📊 Found 50 connection badges to update
te-kete-professional.js:431 JavaScript Error: SyntaxError: Failed to execute 'appendChild' on 'Node': Unexpected end of input
    at te-kete-professional.js:461:35
overrideMethod @ hook.js:608
handleError @ te-kete-professional.js:431
(anonymous) @ te-kete-professional.js:461
Promise.then
loadBadgeSystemCspSafe @ te-kete-professional.js:448
init @ te-kete-professional.js:479
(anonymous) @ te-kete-professional.js:499
(anonymous) @ te-kete-professional.js:512
VM284:1 Uncaught SyntaxError: Failed to execute 'appendChild' on 'Node': Unexpected end of input
    at te-kete-professional.js:461:35
(anonymous) @ te-kete-professional.js:461
Promise.then
loadBadgeSystemCspSafe @ te-kete-professional.js:448
init @ te-kete-professional.js:479
(anonymous) @ te-kete-professional.js:499
(anonymous) @ te-kete-professional.js:512
mobile-performance-optimizer.js:700 ⏱️ Page load time: -1761121082665ms
te-kete-professional.js:380 🚀 Page loaded in -1761121082665ms
(index):43 ✅ PWA: Service Worker registered! ServiceWorkerRegistration {installing: null, waiting: null, active: ServiceWorker, navigationPreload: NavigationPreloadManager, scope: 'https://tekete.netlify.app/', …}
supabase-js@2:7  GET https://nlgldaqtubrlcqddppbq.supabase.co/rest/v1/graphrag_relationships?select=relationship_type%2Cconfidence&or=%28source_path.eq.%2Fpublic%2Funits%2Fy7-maths-algebra%2F%2Ctarget_path.eq.%2Fpublic%2Funits%2Fy7-maths-algebra%2F%29 401 (Unauthorized)
(anonymous) @ supabase-js@2:7
(anonymous) @ supabase-js@2:7
await in (anonymous)
then @ supabase-js@2:7
graphrag-connection-counter.js:52 GraphRAG query error: {message: 'Invalid API key', hint: 'Double check your Supabase `anon` or `service_role` API key.'}
overrideMethod @ hook.js:608
getConnections @ graphrag-connection-counter.js:52
await in getConnections
updateBadge @ graphrag-connection-counter.js:95
(anonymous) @ graphrag-connection-counter.js:202
updateAllBadges @ graphrag-connection-counter.js:202
GraphRAGConnectionCounter.init @ graphrag-connection-counter.js:258
GraphRAGConnectionCounter @ graphrag-connection-counter.js:18
(anonymous) @ graphrag-connection-counter.js:268
supabase-js@2:7  GET https://nlgldaqtubrlcqddppbq.supabase.co/rest/v1/graphrag_relationships?select=relationship_type%2Cconfidence&or=%28source_path.eq.%2Fpublic%2Fgenerated-resources-alpha%2Fhandouts%2F%2Ctarget_path.eq.%2Fpublic%2Fgenerated-resources-alpha%2Fhandouts%2F%29 401 (Unauthorized)
(anonymous) @ supabase-js@2:7
(anonymous) @ supabase-js@2:7
await in (anonymous)
then @ supabase-js@2:7
supabase-js@2:7  GET https://nlgldaqtubrlcqddppbq.supabase.co/rest/v1/graphrag_relationships?select=relationship_type%2Cconfidence&or=%28source_path.eq.%2Fpublic%2Funits%2Fy9-science-ecology%2F%2Ctarget_path.eq.%2Fpublic%2Funits%2Fy9-science-ecology%2F%29 401 (Unauthorized)
(anonymous) @ supabase-js@2:7
(anonymous) @ supabase-js@2:7
await in (anonymous)
then @ supabase-js@2:7
graphrag-connection-counter.js:52 GraphRAG query error: {message: 'Invalid API key', hint: 'Double check your Supabase `anon` or `service_role` API key.'}
overrideMethod @ hook.js:608
getConnections @ graphrag-connection-counter.js:52
await in getConnections
updateBadge @ graphrag-connection-counter.js:95
(anonymous) @ graphrag-connection-counter.js:202
updateAllBadges @ graphrag-connection-counter.js:202
GraphRAGConnectionCounter.init @ graphrag-connection-counter.js:258
GraphRAGConnectionCounter @ graphrag-connection-counter.js:18
(anonymous) @ graphrag-connection-counter.js:268
supabase-js@2:7  GET https://nlgldaqtubrlcqddppbq.supabase.co/rest/v1/graphrag_relationships?select=relationship_type%2Cconfidence&or=%28source_path.eq.%2Fpublic%2Funits%2Fy8-digital-kaitiakitanga%2F%2Ctarget_path.eq.%2Fpublic%2Funits%2Fy8-digital-kaitiakitanga%2F%29 401 (Unauthorized)
(anonymous) @ supabase-js@2:7
(anonymous) @ supabase-js@2:7
await in (anonymous)
then @ supabase-js@2:7
supabase-js@2:7  GET https://nlgldaqtubrlcqddppbq.supabase.co/rest/v1/graphrag_relationships?select=relationship_type%2Cconfidence&or=%28source_path.eq.%2Fpublic%2Fgenerated-resources-alpha%2Flessons%2F%2Ctarget_path.eq.%2Fpublic%2Fgenerated-resources-alpha%2Flessons%2F%29 401 (Unauthorized)
(anonymous) @ supabase-js@2:7
(anonymous) @ supabase-js@2:7
await in (anonymous)
then @ supabase-js@2:7
graphrag-connection-counter.js:52 GraphRAG query error: {message: 'Invalid API key', hint: 'Double check your Supabase `anon` or `service_role` API key.'}
overrideMethod @ hook.js:608
getConnections @ graphrag-connection-counter.js:52
await in getConnections
updateBadge @ graphrag-connection-counter.js:95
(anonymous) @ graphrag-connection-counter.js:202
updateAllBadges @ graphrag-connection-counter.js:202
GraphRAGConnectionCounter.init @ graphrag-connection-counter.js:258
GraphRAGConnectionCounter @ graphrag-connection-counter.js:18
(anonymous) @ graphrag-connection-counter.js:268
graphrag-connection-counter.js:52 GraphRAG query error: {message: 'Invalid API key', hint: 'Double check your Supabase `anon` or `service_role` API key.'}
overrideMethod @ hook.js:608
getConnections @ graphrag-connection-counter.js:52
await in getConnections
updateBadge @ graphrag-connection-counter.js:95
(anonymous) @ graphrag-connection-counter.js:202
updateAllBadges @ graphrag-connection-counter.js:202
GraphRAGConnectionCounter.init @ graphrag-connection-counter.js:258
GraphRAGConnectionCounter @ graphrag-connection-counter.js:18
(anonymous) @ graphrag-connection-counter.js:268
graphrag-connection-counter.js:52 GraphRAG query error: {message: 'Invalid API key', hint: 'Double check your Supabase `anon` or `service_role` API key.'}
overrideMethod @ hook.js:608
getConnections @ graphrag-connection-counter.js:52
await in getConnections
updateBadge @ graphrag-connection-counter.js:95
(anonymous) @ graphrag-connection-counter.js:202
updateAllBadges @ graphrag-connection-counter.js:202
GraphRAGConnectionCounter.init @ graphrag-connection-counter.js:258
GraphRAGConnectionCounter @ graphrag-connection-counter.js:18
(anonymous) @ graphrag-connection-counter.js:268
(index):1 <meta name="apple-mobile-web-app-capable" content="yes"> is deprecated. Please include <meta name="mobile-web-app-capable" content="yes">
touch-target-auditor.js:438 🔄 Re-auditing due to dynamic content changes...
touch-target-auditor.js:35 🔍 Starting touch target audit...
 
📊 Touch Target Audit Report
 =====================================
 Total elements checked: 179
 Issues found: 74
 
❌ Issues found:
 
1. a.skip-link.sr-only
    Current size: 48x48px
    - Size 48x48px is below comfortable tablet target 56px
 
2. span.cultural-term
    Current size: 167x37px
    - Height 37px is below minimum 48px
    - Size 167x37px is below comfortable tablet target 56px
 
3. span.cultural-term
    Current size: 36x25px
    - Width 36px is below minimum 48px
    - Height 25px is below minimum 48px
    - Size 36x25px is below comfortable tablet target 56px
 
4. span.cultural-term
    Current size: 139x32px
    - Height 32px is below minimum 48px
    - Size 139x32px is below comfortable tablet target 56px
 
5. span.cultural-term
    Current size: 39x27px
    - Width 39px is below minimum 48px
    - Height 27px is below minimum 48px
    - Size 39x27px is below comfortable tablet target 56px
 
6. span.cultural-term
    Current size: 104x23px
    - Height 23px is below minimum 48px
    - Size 104x23px is below comfortable tablet target 56px
 
7. span.cultural-term
    Current size: 94x20px
    - Height 20px is below minimum 48px
    - Size 94x20px is below comfortable tablet target 56px
 
8. span.cultural-term
    Current size: 174x34px
    - Height 34px is below minimum 48px
    - Size 174x34px is below comfortable tablet target 56px
 
9. span.cultural-term
    Current size: 104x23px
    - Height 23px is below minimum 48px
    - Size 104x23px is below comfortable tablet target 56px
 
10. span.cultural-term
    Current size: 88x20px
    - Height 20px is below minimum 48px
    - Size 88x20px is below comfortable tablet target 56px
 
11. a.skip-link
    Current size: 188x48px
    - Size 188x48px is below comfortable tablet target 56px
 
12. a
    Current size: 75x43px
    - Height 43px is below minimum 48px
    - Size 75x43px is below comfortable tablet target 56px
 
13. span.cultural-term
    Current size: 111x25px
    - Height 25px is below minimum 48px
    - Size 111x25px is below comfortable tablet target 56px
 
14. span.cultural-term
    Current size: 124x25px
    - Height 25px is below minimum 48px
    - Size 124x25px is below comfortable tablet target 56px
 
15. span.cultural-term
    Current size: 333x43px
    - Height 43px is below minimum 48px
    - Size 333x43px is below comfortable tablet target 56px
 
16. a.carousel-link
    Current size: 282x48px
    - Size 282x48px is below comfortable tablet target 56px
 
17. a.carousel-link
    Current size: 285x48px
    - Size 285x48px is below comfortable tablet target 56px
 
18. a.carousel-link
    Current size: 219x48px
    - Size 219x48px is below comfortable tablet target 56px
 
19. a.carousel-link
    Current size: 184x48px
    - Size 184x48px is below comfortable tablet target 56px
 
20. a.carousel-link
    Current size: 214x48px
    - Size 214x48px is below comfortable tablet target 56px
 
21. a
    Current size: 93x48px
    - Size 93x48px is below comfortable tablet target 56px
 
22. a
    Current size: 169x48px
    - Size 169x48px is below comfortable tablet target 56px
 
23. a
    Current size: 170x48px
    - Size 170x48px is below comfortable tablet target 56px
 
24. span.cultural-term
    Current size: 159x32px
    - Height 32px is below minimum 48px
    - Size 159x32px is below comfortable tablet target 56px
 
25. span.cultural-term
    Current size: 90x19px
    - Height 19px is below minimum 48px
    - Size 90x19px is below comfortable tablet target 56px
 
26. span.cultural-term
    Current size: 116x26px
    - Height 26px is below minimum 48px
    - Size 116x26px is below comfortable tablet target 56px
 
27. span.cultural-term
    Current size: 129x26px
    - Height 26px is below minimum 48px
    - Size 129x26px is below comfortable tablet target 56px
 
28. span.cultural-term
    Current size: 116x26px
    - Height 26px is below minimum 48px
    - Size 116x26px is below comfortable tablet target 56px
 
29. span.cultural-term
    Current size: 68x44px
    - Height 44px is below minimum 48px
    - Size 68x44px is below comfortable tablet target 56px
 
30. a
    Current size: 342x46px
    - Height 46px is below minimum 48px
    - Size 342x46px is below comfortable tablet target 56px
 
31. span.cultural-term
    Current size: 101x22px
    - Height 22px is below minimum 48px
    - Size 101x22px is below comfortable tablet target 56px
 
32. span.cultural-term
    Current size: 30x21px
    - Width 30px is below minimum 48px
    - Height 21px is below minimum 48px
    - Size 30x21px is below comfortable tablet target 56px
 
33. span.cultural-term
    Current size: 93x22px
    - Height 22px is below minimum 48px
    - Size 93x22px is below comfortable tablet target 56px
 
34. span.cultural-term
    Current size: 135x30px
    - Height 30px is below minimum 48px
    - Size 135x30px is below comfortable tablet target 56px
 
35. a
    Current size: 368x53px
    - Size 368x53px is below comfortable tablet target 56px
 
36. a
    Current size: 368x53px
    - Size 368x53px is below comfortable tablet target 56px
 
37. a
    Current size: 368x53px
    - Size 368x53px is below comfortable tablet target 56px
 
38. span.cultural-term
    Current size: 89x21px
    - Height 21px is below minimum 48px
    - Size 89x21px is below comfortable tablet target 56px
 
39. span.cultural-term
    Current size: 86x21px
    - Height 21px is below minimum 48px
    - Size 86x21px is below comfortable tablet target 56px
 
40. span.cultural-term
    Current size: 139x32px
    - Height 32px is below minimum 48px
    - Size 139x32px is below comfortable tablet target 56px
 
41. span.cultural-term
    Current size: 135x30px
    - Height 30px is below minimum 48px
    - Size 135x30px is below comfortable tablet target 56px
 
42. span.cultural-term
    Current size: 89x22px
    - Height 22px is below minimum 48px
    - Size 89x22px is below comfortable tablet target 56px
 
43. span.cultural-term
    Current size: 57x22px
    - Height 22px is below minimum 48px
    - Size 57x22px is below comfortable tablet target 56px
 
44. span.cultural-term
    Current size: 93x22px
    - Height 22px is below minimum 48px
    - Size 93x22px is below comfortable tablet target 56px
 
45. span.cultural-term
    Current size: 135x30px
    - Height 30px is below minimum 48px
    - Size 135x30px is below comfortable tablet target 56px
 
46. a
    Current size: 118x45px
    - Height 45px is below minimum 48px
    - Size 118x45px is below comfortable tablet target 56px
 
47. a
    Current size: 118x45px
    - Height 45px is below minimum 48px
    - Size 118x45px is below comfortable tablet target 56px
 
48. span.cultural-term
    Current size: 120x27px
    - Height 27px is below minimum 48px
    - Size 120x27px is below comfortable tablet target 56px
 
49. a
    Current size: 252x48px
    - Size 252x48px is below comfortable tablet target 56px
 
50. span.cultural-term
    Current size: 116x27px
    - Height 27px is below minimum 48px
    - Size 116x27px is below comfortable tablet target 56px
 
51. a
    Current size: 194x48px
    - Size 194x48px is below comfortable tablet target 56px
 
52. span.cultural-term
    Current size: 104x24px
    - Height 24px is below minimum 48px
    - Size 104x24px is below comfortable tablet target 56px
 
53. a
    Current size: 174x52px
    - Size 174x52px is below comfortable tablet target 56px
 
54. a
    Current size: 148x52px
touch-target-auditor.js:188    - Size 148x52px is below comfortable tablet target 56px
touch-target-auditor.js:185 
55. a
touch-target-auditor.js:186    Current size: 182x48px
touch-target-auditor.js:188    - Size 182x48px is below comfortable tablet target 56px
touch-target-auditor.js:185 
56. a
touch-target-auditor.js:186    Current size: 163x48px
touch-target-auditor.js:188    - Size 163x48px is below comfortable tablet target 56px
touch-target-auditor.js:185 
57. a
touch-target-auditor.js:186    Current size: 207x48px
touch-target-auditor.js:188    - Size 207x48px is below comfortable tablet target 56px
touch-target-auditor.js:185 
58. a
touch-target-auditor.js:186    Current size: 244x52px
touch-target-auditor.js:188    - Size 244x52px is below comfortable tablet target 56px
touch-target-auditor.js:185 
59. a
touch-target-auditor.js:186    Current size: 228x52px
touch-target-auditor.js:188    - Size 228x52px is below comfortable tablet target 56px
touch-target-auditor.js:185 
60. span.cultural-term
touch-target-auditor.js:186    Current size: 83x35px
touch-target-auditor.js:188    - Height 35px is below minimum 48px
touch-target-auditor.js:188    - Size 83x35px is below comfortable tablet target 56px
touch-target-auditor.js:185 
61. span.cultural-term
touch-target-auditor.js:186    Current size: 55x24px
touch-target-auditor.js:188    - Height 24px is below minimum 48px
touch-target-auditor.js:188    - Size 55x24px is below comfortable tablet target 56px
touch-target-auditor.js:185 
62. span.cultural-term
touch-target-auditor.js:186    Current size: 64x24px
touch-target-auditor.js:188    - Height 24px is below minimum 48px
touch-target-auditor.js:188    - Size 64x24px is below comfortable tablet target 56px
touch-target-auditor.js:185 
63. span.cultural-term
touch-target-auditor.js:186    Current size: 55x24px
touch-target-auditor.js:188    - Height 24px is below minimum 48px
touch-target-auditor.js:188    - Size 55x24px is below comfortable tablet target 56px
touch-target-auditor.js:185 
64. a
touch-target-auditor.js:186    Current size: 249x52px
touch-target-auditor.js:188    - Size 249x52px is below comfortable tablet target 56px
touch-target-auditor.js:185 
65. span.cultural-term
touch-target-auditor.js:186    Current size: 47x21px
touch-target-auditor.js:188    - Width 47px is below minimum 48px
touch-target-auditor.js:188    - Height 21px is below minimum 48px
touch-target-auditor.js:188    - Size 47x21px is below comfortable tablet target 56px
touch-target-auditor.js:185 
66. span.cultural-term
touch-target-auditor.js:186    Current size: 79x19px
touch-target-auditor.js:188    - Height 19px is below minimum 48px
touch-target-auditor.js:188    - Size 79x19px is below comfortable tablet target 56px
touch-target-auditor.js:185 
67. span.cultural-term
touch-target-auditor.js:186    Current size: 135x30px
touch-target-auditor.js:188    - Height 30px is below minimum 48px
touch-target-auditor.js:188    - Size 135x30px is below comfortable tablet target 56px
touch-target-auditor.js:185 
68. span.cultural-term
touch-target-auditor.js:186    Current size: 92x22px
touch-target-auditor.js:188    - Height 22px is below minimum 48px
touch-target-auditor.js:188    - Size 92x22px is below comfortable tablet target 56px
touch-target-auditor.js:185 
69. span.cultural-term
touch-target-auditor.js:186    Current size: 81x19px
touch-target-auditor.js:188    - Height 19px is below minimum 48px
touch-target-auditor.js:188    - Size 81x19px is below comfortable tablet target 56px
touch-target-auditor.js:185 
70. span.cultural-term
touch-target-auditor.js:186    Current size: 30x22px
touch-target-auditor.js:188    - Width 30px is below minimum 48px
touch-target-auditor.js:188    - Height 22px is below minimum 48px
touch-target-auditor.js:188    - Size 30x22px is below comfortable tablet target 56px
touch-target-auditor.js:185 
71. a.btn.btn-secondary.btn-large
touch-target-auditor.js:186    Current size: 173x56px
touch-target-auditor.js:188    - Too close to another interactive element (4px spacing, minimum 8px required)
touch-target-auditor.js:185 
72. a.btn.btn-outline.btn-large
touch-target-auditor.js:186    Current size: 189x56px
touch-target-auditor.js:188    - Too close to another interactive element (4px spacing, minimum 8px required)
touch-target-auditor.js:185 
73. span.cultural-term
touch-target-auditor.js:186    Current size: 58x25px
touch-target-auditor.js:188    - Height 25px is below minimum 48px
touch-target-auditor.js:188    - Size 58x25px is below comfortable tablet target 56px
touch-target-auditor.js:185 
74. a.fab-menu-item
touch-target-auditor.js:186    Current size: 184x64px
touch-target-auditor.js:188    - Too close to another interactive element (2px spacing, minimum 8px required)
(index):1 Error while trying to use the following icon from the Manifest: https://tekete.netlify.app/icons/icon-192x192.png (Download error or resource isn't a valid image)
supabase-js@2:7  GET https://nlgldaqtubrlcqddppbq.supabase.co/rest/v1/graphrag_relationships?select=relationship_type%2Cconfidence&or=%28source_path.eq.%2Fpublic%2Fgenerated-resources-alpha%2F%2Ctarget_path.eq.%2Fpublic%2Fgenerated-resources-alpha%2F%29 401 (Unauthorized)
(anonymous) @ supabase-js@2:7
(anonymous) @ supabase-js@2:7
await in (anonymous)
then @ supabase-js@2:7
setTimeout
(anonymous) @ graphrag-connection-counter.js:206
updateAllBadges @ graphrag-connection-counter.js:206
await in updateAllBadges
GraphRAGConnectionCounter.init @ graphrag-connection-counter.js:258
GraphRAGConnectionCounter @ graphrag-connection-counter.js:18
(anonymous) @ graphrag-connection-counter.js:268
graphrag-connection-counter.js:52 GraphRAG query error: {message: 'Invalid API key', hint: 'Double check your Supabase `anon` or `service_role` API key.'}
overrideMethod @ hook.js:608
getConnections @ graphrag-connection-counter.js:52
await in getConnections
updateBadge @ graphrag-connection-counter.js:95
(anonymous) @ graphrag-connection-counter.js:202
updateAllBadges @ graphrag-connection-counter.js:202
await in updateAllBadges
GraphRAGConnectionCounter.init @ graphrag-connection-counter.js:258
GraphRAGConnectionCounter @ graphrag-connection-counter.js:18
(anonymous) @ graphrag-connection-counter.js:268
supabase-js@2:7  GET https://nlgldaqtubrlcqddppbq.supabase.co/rest/v1/graphrag_relationships?select=relationship_type%2Cconfidence&or=%28source_path.eq.%2Fpublic%2Funits%2Fy9-science-ecology%2Fresources%2Fwordsearch-ecosystem-vocabulary.html%2Ctarget_path.eq.%2Fpublic%2Funits%2Fy9-science-ecology%2Fresources%2Fwordsearch-ecosystem-vocabulary.html%29 401 (Unauthorized)
(anonymous) @ supabase-js@2:7
(anonymous) @ supabase-js@2:7
await in (anonymous)
then @ supabase-js@2:7
setTimeout
(anonymous) @ graphrag-connection-counter.js:206
updateAllBadges @ graphrag-connection-counter.js:206
await in updateAllBadges
GraphRAGConnectionCounter.init @ graphrag-connection-counter.js:258
GraphRAGConnectionCounter @ graphrag-connection-counter.js:18
(anonymous) @ graphrag-connection-counter.js:268
graphrag-connection-counter.js:52 GraphRAG query error: {message: 'Invalid API key', hint: 'Double check your Supabase `anon` or `service_role` API key.'}
overrideMethod @ hook.js:608
getConnections @ graphrag-connection-counter.js:52
await in getConnections
updateBadge @ graphrag-connection-counter.js:95
(anonymous) @ graphrag-connection-counter.js:202
updateAllBadges @ graphrag-connection-counter.js:202
await in updateAllBadges
GraphRAGConnectionCounter.init @ graphrag-connection-counter.js:258
GraphRAGConnectionCounter @ graphrag-connection-counter.js:18
(anonymous) @ graphrag-connection-counter.js:268
supabase-js@2:7  GET https://nlgldaqtubrlcqddppbq.supabase.co/rest/v1/graphrag_relationships?select=relationship_type%2Cconfidence&or=%28source_path.eq.%2Fpublic%2Funits%2Fy8-digital-kaitiakitanga%2Fresources%2Fwordsearch-digital-whenua-vocab.html%2Ctarget_path.eq.%2Fpublic%2Funits%2Fy8-digital-kaitiakitanga%2Fresources%2Fwordsearch-digital-whenua-vocab.html%29 401 (Unauthorized)
(anonymous) @ supabase-js@2:7
(anonymous) @ supabase-js@2:7
await in (anonymous)
then @ supabase-js@2:7
setTimeout
(anonymous) @ graphrag-connection-counter.js:206
updateAllBadges @ graphrag-connection-counter.js:206
await in updateAllBadges
GraphRAGConnectionCounter.init @ graphrag-connection-counter.js:258
GraphRAGConnectionCounter @ graphrag-connection-counter.js:18
(anonymous) @ graphrag-connection-counter.js:268
graphrag-connection-counter.js:52 GraphRAG query error: {message: 'Invalid API key', hint: 'Double check your Supabase `anon` or `service_role` API key.'}
overrideMethod @ hook.js:608
getConnections @ graphrag-connection-counter.js:52
await in getConnections
updateBadge @ graphrag-connection-counter.js:95
(anonymous) @ graphrag-connection-counter.js:202
updateAllBadges @ graphrag-connection-counter.js:202
await in updateAllBadges
GraphRAGConnectionCounter.init @ graphrag-connection-counter.js:258
GraphRAGConnectionCounter @ graphrag-connection-counter.js:18
(anonymous) @ graphrag-connection-counter.js:268
supabase-js@2:7  GET https://nlgldaqtubrlcqddppbq.supabase.co/rest/v1/graphrag_relationships?select=relationship_type%2Cconfidence&or=%28source_path.eq.%2Fpublic%2Funits%2Fy7-maths-algebra%2F%2Ctarget_path.eq.%2Fpublic%2Funits%2Fy7-maths-algebra%2F%29 401 (Unauthorized)
(anonymous) @ supabase-js@2:7
(anonymous) @ supabase-js@2:7
await in (anonymous)
then @ supabase-js@2:7
setTimeout
(anonymous) @ graphrag-connection-counter.js:206
updateAllBadges @ graphrag-connection-counter.js:206
await in updateAllBadges
GraphRAGConnectionCounter.init @ graphrag-connection-counter.js:258
GraphRAGConnectionCounter @ graphrag-connection-counter.js:18
(anonymous) @ graphrag-connection-counter.js:268
graphrag-connection-counter.js:52 GraphRAG query error: {message: 'Invalid API key', hint: 'Double check your Supabase `anon` or `service_role` API key.'}
overrideMethod @ hook.js:608
getConnections @ graphrag-connection-counter.js:52
await in getConnections
updateBadge @ graphrag-connection-counter.js:95
(anonymous) @ graphrag-connection-counter.js:202
updateAllBadges @ graphrag-connection-counter.js:202
await in updateAllBadges
GraphRAGConnectionCounter.init @ graphrag-connection-counter.js:258
GraphRAGConnectionCounter @ graphrag-connection-counter.js:18
(anonymous) @ graphrag-connection-counter.js:268
supabase-js@2:7  GET https://nlgldaqtubrlcqddppbq.supabase.co/rest/v1/graphrag_relationships?select=relationship_type%2Cconfidence&or=%28source_path.eq.%2Fpublic%2Funits%2Fy7-maths-algebra%2Fresources%2Fwordsearch-patterns-vocabulary-enhanced.html%2Ctarget_path.eq.%2Fpublic%2Funits%2Fy7-maths-algebra%2Fresources%2Fwordsearch-patterns-vocabulary-enhanced.html%29 401 (Unauthorized)
(anonymous) @ supabase-js@2:7
(anonymous) @ supabase-js@2:7
await in (anonymous)
then @ supabase-js@2:7
setTimeout
(anonymous) @ graphrag-connection-counter.js:206
updateAllBadges @ graphrag-connection-counter.js:206
await in updateAllBadges
GraphRAGConnectionCounter.init @ graphrag-connection-counter.js:258
GraphRAGConnectionCounter @ graphrag-connection-counter.js:18
(anonymous) @ graphrag-connection-counter.js:268
graphrag-connection-counter.js:52 GraphRAG query error: {message: 'Invalid API key', hint: 'Double check your Supabase `anon` or `service_role` API key.'}
overrideMethod @ hook.js:608
getConnections @ graphrag-connection-counter.js:52
await in getConnections
updateBadge @ graphrag-connection-counter.js:95
(anonymous) @ graphrag-connection-counter.js:202
updateAllBadges @ graphrag-connection-counter.js:202
await in updateAllBadges
GraphRAGConnectionCounter.init @ graphrag-connection-counter.js:258
GraphRAGConnectionCounter @ graphrag-connection-counter.js:18
(anonymous) @ graphrag-connection-counter.js:268
supabase-js@2:7  GET https://nlgldaqtubrlcqddppbq.supabase.co/rest/v1/graphrag_relationships?select=relationship_type%2Cconfidence&or=%28source_path.eq.%2Fpublic%2Funits%2Fy8-statistics%2F%2Ctarget_path.eq.%2Fpublic%2Funits%2Fy8-statistics%2F%29 401 (Unauthorized)
(anonymous) @ supabase-js@2:7
(anonymous) @ supabase-js@2:7
await in (anonymous)
then @ supabase-js@2:7
setTimeout
(anonymous) @ graphrag-connection-counter.js:206
updateAllBadges @ graphrag-connection-counter.js:206
await in updateAllBadges
GraphRAGConnectionCounter.init @ graphrag-connection-counter.js:258
GraphRAGConnectionCounter @ graphrag-connection-counter.js:18
(anonymous) @ graphrag-connection-counter.js:268
supabase-js@2:7  GET https://nlgldaqtubrlcqddppbq.supabase.co/rest/v1/graphrag_relationships?select=relationship_type%2Cconfidence&or=%28source_path.eq.%2Fpublic%2Funits%2Fy7-science-ecosystems%2F%2Ctarget_path.eq.%2Fpublic%2Funits%2Fy7-science-ecosystems%2F%29 401 (Unauthorized)
(anonymous) @ supabase-js@2:7
(anonymous) @ supabase-js@2:7
await in (anonymous)
then @ supabase-js@2:7
setTimeout
(anonymous) @ graphrag-connection-counter.js:206
updateAllBadges @ graphrag-connection-counter.js:206
await in updateAllBadges
GraphRAGConnectionCounter.init @ graphrag-connection-counter.js:258
GraphRAGConnectionCounter @ graphrag-connection-counter.js:18
(anonymous) @ graphrag-connection-counter.js:268
supabase-js@2:7  GET https://nlgldaqtubrlcqddppbq.supabase.co/rest/v1/graphrag_relationships?select=relationship_type%2Cconfidence&or=%28source_path.eq.%2Fpublic%2Funits%2Fy9-science-ecology%2Fresources%2Fecorestore-game%2Ctarget_path.eq.%2Fpublic%2Funits%2Fy9-science-ecology%2Fresources%2Fecorestore-game%29 401 (Unauthorized)
(anonymous) @ supabase-js@2:7
(anonymous) @ supabase-js@2:7
await in (anonymous)
then @ supabase-js@2:7
setTimeout
(anonymous) @ graphrag-connection-counter.js:206
updateAllBadges @ graphrag-connection-counter.js:206
await in updateAllBadges
GraphRAGConnectionCounter.init @ graphrag-connection-counter.js:258
GraphRAGConnectionCounter @ graphrag-connection-counter.js:18
(anonymous) @ graphrag-connection-counter.js:268
graphrag-connection-counter.js:52 GraphRAG query error: {message: 'Invalid API key', hint: 'Double check your Supabase `anon` or `service_role` API key.'}
overrideMethod @ hook.js:608
getConnections @ graphrag-connection-counter.js:52
await in getConnections
updateBadge @ graphrag-connection-counter.js:95
(anonymous) @ graphrag-connection-counter.js:202
updateAllBadges @ graphrag-connection-counter.js:202
await in updateAllBadges
GraphRAGConnectionCounter.init @ graphrag-connection-counter.js:258
GraphRAGConnectionCounter @ graphrag-connection-counter.js:18
(anonymous) @ graphrag-connection-counter.js:268
supabase-js@2:7  GET https://nlgldaqtubrlcqddppbq.supabase.co/rest/v1/graphrag_relationships?select=relationship_type%2Cconfidence&or=%28source_path.eq.%2Fpublic%2Funits%2Fy9-maths-geometry%2F%2Ctarget_path.eq.%2Fpublic%2Funits%2Fy9-maths-geometry%2F%29 401 (Unauthorized)
(anonymous) @ supabase-js@2:7
(anonymous) @ supabase-js@2:7
await in (anonymous)
then @ supabase-js@2:7
setTimeout
(anonymous) @ graphrag-connection-counter.js:206
updateAllBadges @ graphrag-connection-counter.js:206
await in updateAllBadges
GraphRAGConnectionCounter.init @ graphrag-connection-counter.js:258
GraphRAGConnectionCounter @ graphrag-connection-counter.js:18
(anonymous) @ graphrag-connection-counter.js:268
graphrag-connection-counter.js:52 GraphRAG query error: {message: 'Invalid API key', hint: 'Double check your Supabase `anon` or `service_role` API key.'}
overrideMethod @ hook.js:608
getConnections @ graphrag-connection-counter.js:52
await in getConnections
updateBadge @ graphrag-connection-counter.js:95
(anonymous) @ graphrag-connection-counter.js:202
updateAllBadges @ graphrag-connection-counter.js:202
await in updateAllBadges
GraphRAGConnectionCounter.init @ graphrag-connection-counter.js:258
GraphRAGConnectionCounter @ graphrag-connection-counter.js:18
(anonymous) @ graphrag-connection-counter.js:268
graphrag-connection-counter.js:52 GraphRAG query error: {message: 'Invalid API key', hint: 'Double check your Supabase `anon` or `service_role` API key.'}
overrideMethod @ hook.js:608
getConnections @ graphrag-connection-counter.js:52
await in getConnections
updateBadge @ graphrag-connection-counter.js:95
(anonymous) @ graphrag-connection-counter.js:202
updateAllBadges @ graphrag-connection-counter.js:202
await in updateAllBadges
GraphRAGConnectionCounter.init @ graphrag-connection-counter.js:258
GraphRAGConnectionCounter @ graphrag-connection-counter.js:18
(anonymous) @ graphrag-connection-counter.js:268
graphrag-connection-counter.js:52 GraphRAG query error: {message: 'Invalid API key', hint: 'Double check your Supabase `anon` or `service_role` API key.'}
overrideMethod @ hook.js:608
getConnections @ graphrag-connection-counter.js:52
await in getConnections
updateBadge @ graphrag-connection-counter.js:95
(anonymous) @ graphrag-connection-counter.js:202
updateAllBadges @ graphrag-connection-counter.js:202
await in updateAllBadges
GraphRAGConnectionCounter.init @ graphrag-connection-counter.js:258
GraphRAGConnectionCounter @ graphrag-connection-counter.js:18
(anonymous) @ graphrag-connection-counter.js:268
supabase-js@2:7  GET https://nlgldaqtubrlcqddppbq.supabase.co/rest/v1/graphrag_relationships?select=relationship_type%2Cconfidence&or=%28source_path.eq.%2Fpublic%2Funits%2Fy7-maths-algebra%2Fresources%2Fgame-1-pattern-dominoes%2Ctarget_path.eq.%2Fpublic%2Funits%2Fy7-maths-algebra%2Fresources%2Fgame-1-pattern-dominoes%29 401 (Unauthorized)
(anonymous) @ supabase-js@2:7
(anonymous) @ supabase-js@2:7
await in (anonymous)
then @ supabase-js@2:7
setTimeout
(anonymous) @ graphrag-connection-counter.js:206
updateAllBadges @ graphrag-connection-counter.js:206
await in updateAllBadges
GraphRAGConnectionCounter.init @ graphrag-connection-counter.js:258
GraphRAGConnectionCounter @ graphrag-connection-counter.js:18
(anonymous) @ graphrag-connection-counter.js:268
graphrag-connection-counter.js:52 GraphRAG query error: {message: 'Invalid API key', hint: 'Double check your Supabase `anon` or `service_role` API key.'}
overrideMethod @ hook.js:608
getConnections @ graphrag-connection-counter.js:52
await in getConnections
updateBadge @ graphrag-connection-counter.js:95
(anonymous) @ graphrag-connection-counter.js:202
updateAllBadges @ graphrag-connection-counter.js:202
await in updateAllBadges
GraphRAGConnectionCounter.init @ graphrag-connection-counter.js:258
GraphRAGConnectionCounter @ graphrag-connection-counter.js:18
(anonymous) @ graphrag-connection-counter.js:268
supabase-js@2:7  GET https://nlgldaqtubrlcqddppbq.supabase.co/rest/v1/graphrag_relationships?select=relationship_type%2Cconfidence&or=%28source_path.eq.%2Fpublic%2Fgenerated-resources-alpha%2Flessons%2Fgenetics-and-whakapapa-scientific-and-cultural-perspectives%2Ctarget_path.eq.%2Fpublic%2Fgenerated-resources-alpha%2Flessons%2Fgenetics-and-whakapapa-scientific-and-cultural-perspectives%29 401 (Unauthorized)
(anonymous) @ supabase-js@2:7
(anonymous) @ supabase-js@2:7
await in (anonymous)
then @ supabase-js@2:7
setTimeout
(anonymous) @ graphrag-connection-counter.js:206
updateAllBadges @ graphrag-connection-counter.js:206
await in updateAllBadges
GraphRAGConnectionCounter.init @ graphrag-connection-counter.js:258
GraphRAGConnectionCounter @ graphrag-connection-counter.js:18
(anonymous) @ graphrag-connection-counter.js:268
supabase-js@2:7  GET https://nlgldaqtubrlcqddppbq.supabase.co/rest/v1/graphrag_relationships?select=relationship_type%2Cconfidence&or=%28source_path.eq.%2Fpublic%2Funits%2Fy8-digital-kaitiakitanga%2F%2Ctarget_path.eq.%2Fpublic%2Funits%2Fy8-digital-kaitiakitanga%2F%29 401 (Unauthorized)
(anonymous) @ supabase-js@2:7
(anonymous) @ supabase-js@2:7
await in (anonymous)
then @ supabase-js@2:7
setTimeout
(anonymous) @ graphrag-connection-counter.js:206
updateAllBadges @ graphrag-connection-counter.js:206
await in updateAllBadges
GraphRAGConnectionCounter.init @ graphrag-connection-counter.js:258
GraphRAGConnectionCounter @ graphrag-connection-counter.js:18
(anonymous) @ graphrag-connection-counter.js:268
graphrag-connection-counter.js:52 GraphRAG query error: {message: 'Invalid API key', hint: 'Double check your Supabase `anon` or `service_role` API key.'}
overrideMethod @ hook.js:608
getConnections @ graphrag-connection-counter.js:52
await in getConnections
updateBadge @ graphrag-connection-counter.js:95
(anonymous) @ graphrag-connection-counter.js:202
updateAllBadges @ graphrag-connection-counter.js:202
await in updateAllBadges
GraphRAGConnectionCounter.init @ graphrag-connection-counter.js:258
GraphRAGConnectionCounter @ graphrag-connection-counter.js:18
(anonymous) @ graphrag-connection-counter.js:268
graphrag-connection-counter.js:52 GraphRAG query error: {message: 'Invalid API key', hint: 'Double check your Supabase `anon` or `service_role` API key.'}
overrideMethod @ hook.js:608
getConnections @ graphrag-connection-counter.js:52
await in getConnections
updateBadge @ graphrag-connection-counter.js:95
(anonymous) @ graphrag-connection-counter.js:202
updateAllBadges @ graphrag-connection-counter.js:202
await in updateAllBadges
GraphRAGConnectionCounter.init @ graphrag-connection-counter.js:258
GraphRAGConnectionCounter @ graphrag-connection-counter.js:18
(anonymous) @ graphrag-connection-counter.js:268
supabase-js@2:7  GET https://nlgldaqtubrlcqddppbq.supabase.co/rest/v1/graphrag_relationships?select=relationship_type%2Cconfidence&or=%28source_path.eq.%2Fpublic%2Fintegrated-lessons%2Fte+reo+m%C4%81ori%2Fliving-whakapapa.html%2Ctarget_path.eq.%2Fpublic%2Fintegrated-lessons%2Fte+reo+m%C4%81ori%2Fliving-whakapapa.html%29 401 (Unauthorized)
(anonymous) @ supabase-js@2:7
(anonymous) @ supabase-js@2:7
await in (anonymous)
then @ supabase-js@2:7
setTimeout
(anonymous) @ graphrag-connection-counter.js:206
updateAllBadges @ graphrag-connection-counter.js:206
await in updateAllBadges
GraphRAGConnectionCounter.init @ graphrag-connection-counter.js:258
GraphRAGConnectionCounter @ graphrag-connection-counter.js:18
(anonymous) @ graphrag-connection-counter.js:268
supabase-js@2:7  GET https://nlgldaqtubrlcqddppbq.supabase.co/rest/v1/graphrag_relationships?select=relationship_type%2Cconfidence&or=%28source_path.eq.%2Fpublic%2Funits%2Fyear-7-complete-curriculum%2Ctarget_path.eq.%2Fpublic%2Funits%2Fyear-7-complete-curriculum%29 401 (Unauthorized)
(anonymous) @ supabase-js@2:7
(anonymous) @ supabase-js@2:7
await in (anonymous)
then @ supabase-js@2:7
setTimeout
(anonymous) @ graphrag-connection-counter.js:206
updateAllBadges @ graphrag-connection-counter.js:206
await in updateAllBadges
GraphRAGConnectionCounter.init @ graphrag-connection-counter.js:258
GraphRAGConnectionCounter @ graphrag-connection-counter.js:18
(anonymous) @ graphrag-connection-counter.js:268
graphrag-connection-counter.js:52 GraphRAG query error: {message: 'Invalid API key', hint: 'Double check your Supabase `anon` or `service_role` API key.'}
overrideMethod @ hook.js:608
getConnections @ graphrag-connection-counter.js:52
await in getConnections
updateBadge @ graphrag-connection-counter.js:95
(anonymous) @ graphrag-connection-counter.js:202
updateAllBadges @ graphrag-connection-counter.js:202
await in updateAllBadges
GraphRAGConnectionCounter.init @ graphrag-connection-counter.js:258
GraphRAGConnectionCounter @ graphrag-connection-counter.js:18
(anonymous) @ graphrag-connection-counter.js:268
graphrag-connection-counter.js:52 GraphRAG query error: {message: 'Invalid API key', hint: 'Double check your Supabase `anon` or `service_role` API key.'}
overrideMethod @ hook.js:608
getConnections @ graphrag-connection-counter.js:52
await in getConnections
updateBadge @ graphrag-connection-counter.js:95
(anonymous) @ graphrag-connection-counter.js:202
updateAllBadges @ graphrag-connection-counter.js:202
await in updateAllBadges
GraphRAGConnectionCounter.init @ graphrag-connection-counter.js:258
GraphRAGConnectionCounter @ graphrag-connection-counter.js:18
(anonymous) @ graphrag-connection-counter.js:268
supabase-js@2:7  GET https://nlgldaqtubrlcqddppbq.supabase.co/rest/v1/graphrag_relationships?select=relationship_type%2Cconfidence&or=%28source_path.eq.%2Fpublic%2Fgenerated-resources-alpha%2F%2Ctarget_path.eq.%2Fpublic%2Fgenerated-resources-alpha%2F%29 401 (Unauthorized)
(anonymous) @ supabase-js@2:7
(anonymous) @ supabase-js@2:7
await in (anonymous)
then @ supabase-js@2:7
setTimeout
(anonymous) @ graphrag-connection-counter.js:206
updateAllBadges @ graphrag-connection-counter.js:206
await in updateAllBadges
GraphRAGConnectionCounter.init @ graphrag-connection-counter.js:258
GraphRAGConnectionCounter @ graphrag-connection-counter.js:18
(anonymous) @ graphrag-connection-counter.js:268
graphrag-connection-counter.js:52 GraphRAG query error: {message: 'Invalid API key', hint: 'Double check your Supabase `anon` or `service_role` API key.'}
overrideMethod @ hook.js:608
getConnections @ graphrag-connection-counter.js:52
await in getConnections
updateBadge @ graphrag-connection-counter.js:95
(anonymous) @ graphrag-connection-counter.js:202
updateAllBadges @ graphrag-connection-counter.js:202
await in updateAllBadges
GraphRAGConnectionCounter.init @ graphrag-connection-counter.js:258
GraphRAGConnectionCounter @ graphrag-connection-counter.js:18
(anonymous) @ graphrag-connection-counter.js:268
supabase-js@2:7  GET https://nlgldaqtubrlcqddppbq.supabase.co/rest/v1/graphrag_relationships?select=relationship_type%2Cconfidence&or=%28source_path.eq.%2Fpublic%2Funits%2Fyear-9-complete-curriculum%2Ctarget_path.eq.%2Fpublic%2Funits%2Fyear-9-complete-curriculum%29 401 (Unauthorized)
(anonymous) @ supabase-js@2:7
(anonymous) @ supabase-js@2:7
await in (anonymous)
then @ supabase-js@2:7
setTimeout
(anonymous) @ graphrag-connection-counter.js:206
updateAllBadges @ graphrag-connection-counter.js:206
await in updateAllBadges
GraphRAGConnectionCounter.init @ graphrag-connection-counter.js:258
GraphRAGConnectionCounter @ graphrag-connection-counter.js:18
(anonymous) @ graphrag-connection-counter.js:268
supabase-js@2:7  GET https://nlgldaqtubrlcqddppbq.supabase.co/rest/v1/graphrag_relationships?select=relationship_type%2Cconfidence&or=%28source_path.eq.%2Fpublic%2Fgenerated-resources-alpha%2Fhandouts%2Falgebraic-thinking-in-traditional-m%C4%81ori-games.html%2Ctarget_path.eq.%2Fpublic%2Fgenerated-resources-alpha%2Fhandouts%2Falgebraic-thinking-in-traditional-m%C4%81ori-games.html%29 401 (Unauthorized)
(anonymous) @ supabase-js@2:7
(anonymous) @ supabase-js@2:7
await in (anonymous)
then @ supabase-js@2:7
setTimeout
(anonymous) @ graphrag-connection-counter.js:206
updateAllBadges @ graphrag-connection-counter.js:206
await in updateAllBadges
GraphRAGConnectionCounter.init @ graphrag-connection-counter.js:258
GraphRAGConnectionCounter @ graphrag-connection-counter.js:18
(anonymous) @ graphrag-connection-counter.js:268
graphrag-connection-counter.js:52 GraphRAG query error: {message: 'Invalid API key', hint: 'Double check your Supabase `anon` or `service_role` API key.'}
overrideMethod @ hook.js:608
getConnections @ graphrag-connection-counter.js:52
await in getConnections
updateBadge @ graphrag-connection-counter.js:95
(anonymous) @ graphrag-connection-counter.js:202
updateAllBadges @ graphrag-connection-counter.js:202
await in updateAllBadges
GraphRAGConnectionCounter.init @ graphrag-connection-counter.js:258
GraphRAGConnectionCounter @ graphrag-connection-counter.js:18
(anonymous) @ graphrag-connection-counter.js:268
graphrag-connection-counter.js:52 GraphRAG query error: {message: 'Invalid API key', hint: 'Double check your Supabase `anon` or `service_role` API key.'}
overrideMethod @ hook.js:608
getConnections @ graphrag-connection-counter.js:52
await in getConnections
updateBadge @ graphrag-connection-counter.js:95
(anonymous) @ graphrag-connection-counter.js:202
updateAllBadges @ graphrag-connection-counter.js:202
await in updateAllBadges
GraphRAGConnectionCounter.init @ graphrag-connection-counter.js:258
GraphRAGConnectionCounter @ graphrag-connection-counter.js:18
(anonymous) @ graphrag-connection-counter.js:268
supabase-js@2:7  GET https://nlgldaqtubrlcqddppbq.supabase.co/rest/v1/graphrag_relationships?select=relationship_type%2Cconfidence&or=%28source_path.eq.%2Fpublic%2Funits%2Fyear-8-complete-curriculum%2Ctarget_path.eq.%2Fpublic%2Funits%2Fyear-8-complete-curriculum%29 401 (Unauthorized)
(anonymous) @ supabase-js@2:7
(anonymous) @ supabase-js@2:7
await in (anonymous)
then @ supabase-js@2:7
setTimeout
(anonymous) @ graphrag-connection-counter.js:206
updateAllBadges @ graphrag-connection-counter.js:206
await in updateAllBadges
GraphRAGConnectionCounter.init @ graphrag-connection-counter.js:258
GraphRAGConnectionCounter @ graphrag-connection-counter.js:18
(anonymous) @ graphrag-connection-counter.js:268
supabase-js@2:7  GET https://nlgldaqtubrlcqddppbq.supabase.co/rest/v1/graphrag_relationships?select=relationship_type%2Cconfidence&or=%28source_path.eq.%2Fpublic%2Fgenerated-resources-alpha%2Flessons%2Fdigital-storytelling-with-p%C5%ABr%C4%81kau-framework.html%2Ctarget_path.eq.%2Fpublic%2Fgenerated-resources-alpha%2Flessons%2Fdigital-storytelling-with-p%C5%ABr%C4%81kau-framework.html%29 401 (Unauthorized)
(anonymous) @ supabase-js@2:7
(anonymous) @ supabase-js@2:7
await in (anonymous)
then @ supabase-js@2:7
setTimeout
(anonymous) @ graphrag-connection-counter.js:206
updateAllBadges @ graphrag-connection-counter.js:206
await in updateAllBadges
GraphRAGConnectionCounter.init @ graphrag-connection-counter.js:258
GraphRAGConnectionCounter @ graphrag-connection-counter.js:18
(anonymous) @ graphrag-connection-counter.js:268
graphrag-connection-counter.js:52 GraphRAG query error: {message: 'Invalid API key', hint: 'Double check your Supabase `anon` or `service_role` API key.'}
overrideMethod @ hook.js:608
getConnections @ graphrag-connection-counter.js:52
await in getConnections
updateBadge @ graphrag-connection-counter.js:95
(anonymous) @ graphrag-connection-counter.js:202
updateAllBadges @ graphrag-connection-counter.js:202
await in updateAllBadges
GraphRAGConnectionCounter.init @ graphrag-connection-counter.js:258
GraphRAGConnectionCounter @ graphrag-connection-counter.js:18
(anonymous) @ graphrag-connection-counter.js:268
supabase-js@2:7  GET https://nlgldaqtubrlcqddppbq.supabase.co/rest/v1/graphrag_relationships?select=relationship_type%2Cconfidence&or=%28source_path.eq.%2Fpublic%2Fgenerated-resources-alpha%2Fhandouts%2Fbiotechnology-ethics-through-m%C4%81ori-worldview.html%2Ctarget_path.eq.%2Fpublic%2Fgenerated-resources-alpha%2Fhandouts%2Fbiotechnology-ethics-through-m%C4%81ori-worldview.html%29 401 (Unauthorized)
(anonymous) @ supabase-js@2:7
(anonymous) @ supabase-js@2:7
await in (anonymous)
then @ supabase-js@2:7
setTimeout
(anonymous) @ graphrag-connection-counter.js:206
updateAllBadges @ graphrag-connection-counter.js:206
await in updateAllBadges
GraphRAGConnectionCounter.init @ graphrag-connection-counter.js:258
GraphRAGConnectionCounter @ graphrag-connection-counter.js:18
(anonymous) @ graphrag-connection-counter.js:268
graphrag-connection-counter.js:52 GraphRAG query error: {message: 'Invalid API key', hint: 'Double check your Supabase `anon` or `service_role` API key.'}
overrideMethod @ hook.js:608
getConnections @ graphrag-connection-counter.js:52
await in getConnections
updateBadge @ graphrag-connection-counter.js:95
(anonymous) @ graphrag-connection-counter.js:202
updateAllBadges @ graphrag-connection-counter.js:202
await in updateAllBadges
GraphRAGConnectionCounter.init @ graphrag-connection-counter.js:258
GraphRAGConnectionCounter @ graphrag-connection-counter.js:18
(anonymous) @ graphrag-connection-counter.js:268
graphrag-connection-counter.js:52 GraphRAG query error: {message: 'Invalid API key', hint: 'Double check your Supabase `anon` or `service_role` API key.'}
overrideMethod @ hook.js:608
getConnections @ graphrag-connection-counter.js:52
await in getConnections
updateBadge @ graphrag-connection-counter.js:95
(anonymous) @ graphrag-connection-counter.js:202
updateAllBadges @ graphrag-connection-counter.js:202
await in updateAllBadges
GraphRAGConnectionCounter.init @ graphrag-connection-counter.js:258
GraphRAGConnectionCounter @ graphrag-connection-counter.js:18
(anonymous) @ graphrag-connection-counter.js:268
supabase-js@2:7  GET https://nlgldaqtubrlcqddppbq.supabase.co/rest/v1/graphrag_relationships?select=relationship_type%2Cconfidence&or=%28source_path.eq.%2Fpublic%2Funits%2Funit-5-global-connections%2Ctarget_path.eq.%2Fpublic%2Funits%2Funit-5-global-connections%29 401 (Unauthorized)
(anonymous) @ supabase-js@2:7
(anonymous) @ supabase-js@2:7
await in (anonymous)
then @ supabase-js@2:7
setTimeout
(anonymous) @ graphrag-connection-counter.js:206
updateAllBadges @ graphrag-connection-counter.js:206
await in updateAllBadges
GraphRAGConnectionCounter.init @ graphrag-connection-counter.js:258
GraphRAGConnectionCounter @ graphrag-connection-counter.js:18
(anonymous) @ graphrag-connection-counter.js:268
supabase-js@2:7  GET https://nlgldaqtubrlcqddppbq.supabase.co/rest/v1/graphrag_relationships?select=relationship_type%2Cconfidence&or=%28source_path.eq.%2Fpublic%2Funits%2Funit-2-decolonized-history%2Ctarget_path.eq.%2Fpublic%2Funits%2Funit-2-decolonized-history%29 401 (Unauthorized)
(anonymous) @ supabase-js@2:7
(anonymous) @ supabase-js@2:7
await in (anonymous)
then @ supabase-js@2:7
setTimeout
(anonymous) @ graphrag-connection-counter.js:206
updateAllBadges @ graphrag-connection-counter.js:206
await in updateAllBadges
GraphRAGConnectionCounter.init @ graphrag-connection-counter.js:258
GraphRAGConnectionCounter @ graphrag-connection-counter.js:18
(anonymous) @ graphrag-connection-counter.js:268
graphrag-connection-counter.js:52 GraphRAG query error: {message: 'Invalid API key', hint: 'Double check your Supabase `anon` or `service_role` API key.'}
overrideMethod @ hook.js:608
getConnections @ graphrag-connection-counter.js:52
await in getConnections
updateBadge @ graphrag-connection-counter.js:95
(anonymous) @ graphrag-connection-counter.js:202
updateAllBadges @ graphrag-connection-counter.js:202
await in updateAllBadges
GraphRAGConnectionCounter.init @ graphrag-connection-counter.js:258
GraphRAGConnectionCounter @ graphrag-connection-counter.js:18
(anonymous) @ graphrag-connection-counter.js:268
supabase-js@2:7  GET https://nlgldaqtubrlcqddppbq.supabase.co/rest/v1/graphrag_relationships?select=relationship_type%2Cconfidence&or=%28source_path.eq.%2Fpublic%2Funits%2Funit-1-te-ao-maori%2Ctarget_path.eq.%2Fpublic%2Funits%2Funit-1-te-ao-maori%29 401 (Unauthorized)
(anonymous) @ supabase-js@2:7
(anonymous) @ supabase-js@2:7
await in (anonymous)
then @ supabase-js@2:7
setTimeout
(anonymous) @ graphrag-connection-counter.js:206
updateAllBadges @ graphrag-connection-counter.js:206
await in updateAllBadges
GraphRAGConnectionCounter.init @ graphrag-connection-counter.js:258
GraphRAGConnectionCounter @ graphrag-connection-counter.js:18
(anonymous) @ graphrag-connection-counter.js:268
graphrag-connection-counter.js:52 GraphRAG query error: {message: 'Invalid API key', hint: 'Double check your Supabase `anon` or `service_role` API key.'}
overrideMethod @ hook.js:608
getConnections @ graphrag-connection-counter.js:52
await in getConnections
updateBadge @ graphrag-connection-counter.js:95
(anonymous) @ graphrag-connection-counter.js:202
updateAllBadges @ graphrag-connection-counter.js:202
await in updateAllBadges
GraphRAGConnectionCounter.init @ graphrag-connection-counter.js:258
GraphRAGConnectionCounter @ graphrag-connection-counter.js:18
(anonymous) @ graphrag-connection-counter.js:268
supabase-js@2:7  GET https://nlgldaqtubrlcqddppbq.supabase.co/rest/v1/graphrag_relationships?select=relationship_type%2Cconfidence&or=%28source_path.eq.%2Fpublic%2Funits%2Funit-4-economic-justice%2Ctarget_path.eq.%2Fpublic%2Funits%2Funit-4-economic-justice%29 401 (Unauthorized)
(anonymous) @ supabase-js@2:7
(anonymous) @ supabase-js@2:7
await in (anonymous)
then @ supabase-js@2:7
setTimeout
(anonymous) @ graphrag-connection-counter.js:206
updateAllBadges @ graphrag-connection-counter.js:206
await in updateAllBadges
GraphRAGConnectionCounter.init @ graphrag-connection-counter.js:258
GraphRAGConnectionCounter @ graphrag-connection-counter.js:18
(anonymous) @ graphrag-connection-counter.js:268
graphrag-connection-counter.js:52 GraphRAG query error: {message: 'Invalid API key', hint: 'Double check your Supabase `anon` or `service_role` API key.'}
overrideMethod @ hook.js:608
getConnections @ graphrag-connection-counter.js:52
await in getConnections
updateBadge @ graphrag-connection-counter.js:95
(anonymous) @ graphrag-connection-counter.js:202
updateAllBadges @ graphrag-connection-counter.js:202
await in updateAllBadges
GraphRAGConnectionCounter.init @ graphrag-connection-counter.js:258
GraphRAGConnectionCounter @ graphrag-connection-counter.js:18
(anonymous) @ graphrag-connection-counter.js:268
graphrag-connection-counter.js:52 GraphRAG query error: {message: 'Invalid API key', hint: 'Double check your Supabase `anon` or `service_role` API key.'}
overrideMethod @ hook.js:608
getConnections @ graphrag-connection-counter.js:52
await in getConnections
updateBadge @ graphrag-connection-counter.js:95
(anonymous) @ graphrag-connection-counter.js:202
updateAllBadges @ graphrag-connection-counter.js:202
await in updateAllBadges
GraphRAGConnectionCounter.init @ graphrag-connection-counter.js:258
GraphRAGConnectionCounter @ graphrag-connection-counter.js:18
(anonymous) @ graphrag-connection-counter.js:268
supabase-js@2:7  GET https://nlgldaqtubrlcqddppbq.supabase.co/rest/v1/graphrag_relationships?select=relationship_type%2Cconfidence&or=%28source_path.eq.%2Fpublic%2Funits%2Funit-3-stem-matauranga%2Ctarget_path.eq.%2Fpublic%2Funits%2Funit-3-stem-matauranga%29 401 (Unauthorized)
(anonymous) @ supabase-js@2:7
(anonymous) @ supabase-js@2:7
await in (anonymous)
then @ supabase-js@2:7
setTimeout
(anonymous) @ graphrag-connection-counter.js:206
updateAllBadges @ graphrag-connection-counter.js:206
await in updateAllBadges
GraphRAGConnectionCounter.init @ graphrag-connection-counter.js:258
GraphRAGConnectionCounter @ graphrag-connection-counter.js:18
(anonymous) @ graphrag-connection-counter.js:268
graphrag-connection-counter.js:52 GraphRAG query error: {message: 'Invalid API key', hint: 'Double check your Supabase `anon` or `service_role` API key.'}
overrideMethod @ hook.js:608
getConnections @ graphrag-connection-counter.js:52
await in getConnections
updateBadge @ graphrag-connection-counter.js:95
(anonymous) @ graphrag-connection-counter.js:202
updateAllBadges @ graphrag-connection-counter.js:202
await in updateAllBadges
GraphRAGConnectionCounter.init @ graphrag-connection-counter.js:258
GraphRAGConnectionCounter @ graphrag-connection-counter.js:18
(anonymous) @ graphrag-connection-counter.js:268
supabase-js@2:7  GET https://nlgldaqtubrlcqddppbq.supabase.co/rest/v1/graphrag_relationships?select=relationship_type%2Cconfidence&or=%28source_path.eq.%2Fpublic%2Funits%2Farts%2F03-elements-of-art-handout%2Ctarget_path.eq.%2Fpublic%2Funits%2Farts%2F03-elements-of-art-handout%29 401 (Unauthorized)
(anonymous) @ supabase-js@2:7
(anonymous) @ supabase-js@2:7
await in (anonymous)
then @ supabase-js@2:7
setTimeout
(anonymous) @ graphrag-connection-counter.js:206
updateAllBadges @ graphrag-connection-counter.js:206
await in updateAllBadges
GraphRAGConnectionCounter.init @ graphrag-connection-counter.js:258
GraphRAGConnectionCounter @ graphrag-connection-counter.js:18
(anonymous) @ graphrag-connection-counter.js:268
supabase-js@2:7  GET https://nlgldaqtubrlcqddppbq.supabase.co/rest/v1/graphrag_relationships?select=relationship_type%2Cconfidence&or=%28source_path.eq.%2Fpublic%2Funits%2Funit-7-digital-tech-ai-ethics%2Ctarget_path.eq.%2Fpublic%2Funits%2Funit-7-digital-tech-ai-ethics%29 401 (Unauthorized)
(anonymous) @ supabase-js@2:7
(anonymous) @ supabase-js@2:7
await in (anonymous)
then @ supabase-js@2:7
setTimeout
(anonymous) @ graphrag-connection-counter.js:206
updateAllBadges @ graphrag-connection-counter.js:206
await in updateAllBadges
GraphRAGConnectionCounter.init @ graphrag-connection-counter.js:258
GraphRAGConnectionCounter @ graphrag-connection-counter.js:18
(anonymous) @ graphrag-connection-counter.js:268
graphrag-connection-counter.js:52 GraphRAG query error: {message: 'Invalid API key', hint: 'Double check your Supabase `anon` or `service_role` API key.'}
overrideMethod @ hook.js:608
getConnections @ graphrag-connection-counter.js:52
await in getConnections
updateBadge @ graphrag-connection-counter.js:95
(anonymous) @ graphrag-connection-counter.js:202
updateAllBadges @ graphrag-connection-counter.js:202
await in updateAllBadges
GraphRAGConnectionCounter.init @ graphrag-connection-counter.js:258
GraphRAGConnectionCounter @ graphrag-connection-counter.js:18
(anonymous) @ graphrag-connection-counter.js:268
supabase-js@2:7  GET https://nlgldaqtubrlcqddppbq.supabase.co/rest/v1/graphrag_relationships?select=relationship_type%2Cconfidence&or=%28source_path.eq.%2Fpublic%2Funits%2Farts%2F04-shakespeare-soliloquy-handout%2Ctarget_path.eq.%2Fpublic%2Funits%2Farts%2F04-shakespeare-soliloquy-handout%29 401 (Unauthorized)
(anonymous) @ supabase-js@2:7
(anonymous) @ supabase-js@2:7
await in (anonymous)
then @ supabase-js@2:7
setTimeout
(anonymous) @ graphrag-connection-counter.js:206
updateAllBadges @ graphrag-connection-counter.js:206
await in updateAllBadges
GraphRAGConnectionCounter.init @ graphrag-connection-counter.js:258
GraphRAGConnectionCounter @ graphrag-connection-counter.js:18
(anonymous) @ graphrag-connection-counter.js:268
graphrag-connection-counter.js:52 GraphRAG query error: {message: 'Invalid API key', hint: 'Double check your Supabase `anon` or `service_role` API key.'}
overrideMethod @ hook.js:608
getConnections @ graphrag-connection-counter.js:52
await in getConnections
updateBadge @ graphrag-connection-counter.js:95
(anonymous) @ graphrag-connection-counter.js:202
updateAllBadges @ graphrag-connection-counter.js:202
await in updateAllBadges
GraphRAGConnectionCounter.init @ graphrag-connection-counter.js:258
GraphRAGConnectionCounter @ graphrag-connection-counter.js:18
(anonymous) @ graphrag-connection-counter.js:268
graphrag-connection-counter.js:52 GraphRAG query error: {message: 'Invalid API key', hint: 'Double check your Supabase `anon` or `service_role` API key.'}
overrideMethod @ hook.js:608
getConnections @ graphrag-connection-counter.js:52
await in getConnections
updateBadge @ graphrag-connection-counter.js:95
(anonymous) @ graphrag-connection-counter.js:202
updateAllBadges @ graphrag-connection-counter.js:202
await in updateAllBadges
GraphRAGConnectionCounter.init @ graphrag-connection-counter.js:258
GraphRAGConnectionCounter @ graphrag-connection-counter.js:18
(anonymous) @ graphrag-connection-counter.js:268
supabase-js@2:7  GET https://nlgldaqtubrlcqddppbq.supabase.co/rest/v1/graphrag_relationships?select=relationship_type%2Cconfidence&or=%28source_path.eq.%2Fpublic%2Funits%2Funit-6-future-rangatiratanga%2Ctarget_path.eq.%2Fpublic%2Funits%2Funit-6-future-rangatiratanga%29 401 (Unauthorized)
(anonymous) @ supabase-js@2:7
(anonymous) @ supabase-js@2:7
await in (anonymous)
then @ supabase-js@2:7
setTimeout
(anonymous) @ graphrag-connection-counter.js:206
updateAllBadges @ graphrag-connection-counter.js:206
await in updateAllBadges
GraphRAGConnectionCounter.init @ graphrag-connection-counter.js:258
GraphRAGConnectionCounter @ graphrag-connection-counter.js:18
(anonymous) @ graphrag-connection-counter.js:268
graphrag-connection-counter.js:52 GraphRAG query error: {message: 'Invalid API key', hint: 'Double check your Supabase `anon` or `service_role` API key.'}
overrideMethod @ hook.js:608
getConnections @ graphrag-connection-counter.js:52
await in getConnections
updateBadge @ graphrag-connection-counter.js:95
(anonymous) @ graphrag-connection-counter.js:202
updateAllBadges @ graphrag-connection-counter.js:202
await in updateAllBadges
GraphRAGConnectionCounter.init @ graphrag-connection-counter.js:258
GraphRAGConnectionCounter @ graphrag-connection-counter.js:18
(anonymous) @ graphrag-connection-counter.js:268
supabase-js@2:7  GET https://nlgldaqtubrlcqddppbq.supabase.co/rest/v1/graphrag_relationships?select=relationship_type%2Cconfidence&or=%28source_path.eq.%2Fpublic%2Funits%2F%2Ctarget_path.eq.%2Fpublic%2Funits%2F%29 401 (Unauthorized)
(anonymous) @ supabase-js@2:7
(anonymous) @ supabase-js@2:7
await in (anonymous)
then @ supabase-js@2:7
setTimeout
(anonymous) @ graphrag-connection-counter.js:206
updateAllBadges @ graphrag-connection-counter.js:206
await in updateAllBadges
GraphRAGConnectionCounter.init @ graphrag-connection-counter.js:258
GraphRAGConnectionCounter @ graphrag-connection-counter.js:18
(anonymous) @ graphrag-connection-counter.js:268
graphrag-connection-counter.js:52 GraphRAG query error: {message: 'Invalid API key', hint: 'Double check your Supabase `anon` or `service_role` API key.'}
overrideMethod @ hook.js:608
getConnections @ graphrag-connection-counter.js:52
await in getConnections
updateBadge @ graphrag-connection-counter.js:95
(anonymous) @ graphrag-connection-counter.js:202
updateAllBadges @ graphrag-connection-counter.js:202
await in updateAllBadges
GraphRAGConnectionCounter.init @ graphrag-connection-counter.js:258
GraphRAGConnectionCounter @ graphrag-connection-counter.js:18
(anonymous) @ graphrag-connection-counter.js:268
supabase-js@2:7  GET https://nlgldaqtubrlcqddppbq.supabase.co/rest/v1/graphrag_relationships?select=relationship_type%2Cconfidence&or=%28source_path.eq.%2Fpublic%2Funits%2Farts%2F%2Ctarget_path.eq.%2Fpublic%2Funits%2Farts%2F%29 401 (Unauthorized)
(anonymous) @ supabase-js@2:7
(anonymous) @ supabase-js@2:7
await in (anonymous)
then @ supabase-js@2:7
setTimeout
(anonymous) @ graphrag-connection-counter.js:206
updateAllBadges @ graphrag-connection-counter.js:206
await in updateAllBadges
GraphRAGConnectionCounter.init @ graphrag-connection-counter.js:258
GraphRAGConnectionCounter @ graphrag-connection-counter.js:18
(anonymous) @ graphrag-connection-counter.js:268
graphrag-connection-counter.js:52 GraphRAG query error: {message: 'Invalid API key', hint: 'Double check your Supabase `anon` or `service_role` API key.'}
overrideMethod @ hook.js:608
getConnections @ graphrag-connection-counter.js:52
await in getConnections
updateBadge @ graphrag-connection-counter.js:95
(anonymous) @ graphrag-connection-counter.js:202
updateAllBadges @ graphrag-connection-counter.js:202
await in updateAllBadges
GraphRAGConnectionCounter.init @ graphrag-connection-counter.js:258
GraphRAGConnectionCounter @ graphrag-connection-counter.js:18
(anonymous) @ graphrag-connection-counter.js:268
supabase-js@2:7  GET https://nlgldaqtubrlcqddppbq.supabase.co/rest/v1/graphrag_relationships?select=relationship_type%2Cconfidence&or=%28source_path.eq.%2Fpublic%2Funits%2Farts%2F06-walker-unit-overview-teacher-guide%2Ctarget_path.eq.%2Fpublic%2Funits%2Farts%2F06-walker-unit-overview-teacher-guide%29 401 (Unauthorized)
(anonymous) @ supabase-js@2:7
(anonymous) @ supabase-js@2:7
await in (anonymous)
then @ supabase-js@2:7
setTimeout
(anonymous) @ graphrag-connection-counter.js:206
updateAllBadges @ graphrag-connection-counter.js:206
await in updateAllBadges
GraphRAGConnectionCounter.init @ graphrag-connection-counter.js:258
GraphRAGConnectionCounter @ graphrag-connection-counter.js:18
(anonymous) @ graphrag-connection-counter.js:268
graphrag-connection-counter.js:52 GraphRAG query error: {message: 'Invalid API key', hint: 'Double check your Supabase `anon` or `service_role` API key.'}
overrideMethod @ hook.js:608
getConnections @ graphrag-connection-counter.js:52
await in getConnections
updateBadge @ graphrag-connection-counter.js:95
(anonymous) @ graphrag-connection-counter.js:202
updateAllBadges @ graphrag-connection-counter.js:202
await in updateAllBadges
GraphRAGConnectionCounter.init @ graphrag-connection-counter.js:258
GraphRAGConnectionCounter @ graphrag-connection-counter.js:18
(anonymous) @ graphrag-connection-counter.js:268
supabase-js@2:7  GET https://nlgldaqtubrlcqddppbq.supabase.co/rest/v1/graphrag_relationships?select=relationship_type%2Cconfidence&or=%28source_path.eq.%2Fpublic%2Funits%2Fsenior-secondary%2F01-ncea-level-1-literacy-and-numeracy-must-knows%2Ctarget_path.eq.%2Fpublic%2Funits%2Fsenior-secondary%2F01-ncea-level-1-literacy-and-numeracy-must-knows%29 401 (Unauthorized)
(anonymous) @ supabase-js@2:7
(anonymous) @ supabase-js@2:7
await in (anonymous)
then @ supabase-js@2:7
setTimeout
(anonymous) @ graphrag-connection-counter.js:206
updateAllBadges @ graphrag-connection-counter.js:206
await in updateAllBadges
GraphRAGConnectionCounter.init @ graphrag-connection-counter.js:258
GraphRAGConnectionCounter @ graphrag-connection-counter.js:18
(anonymous) @ graphrag-connection-counter.js:268
graphrag-connection-counter.js:52 GraphRAG query error: {message: 'Invalid API key', hint: 'Double check your Supabase `anon` or `service_role` API key.'}
overrideMethod @ hook.js:608
getConnections @ graphrag-connection-counter.js:52
await in getConnections
updateBadge @ graphrag-connection-counter.js:95
(anonymous) @ graphrag-connection-counter.js:202
updateAllBadges @ graphrag-connection-counter.js:202
await in updateAllBadges
GraphRAGConnectionCounter.init @ graphrag-connection-counter.js:258
GraphRAGConnectionCounter @ graphrag-connection-counter.js:18
(anonymous) @ graphrag-connection-counter.js:268
supabase-js@2:7  GET https://nlgldaqtubrlcqddppbq.supabase.co/rest/v1/graphrag_relationships?select=relationship_type%2Cconfidence&or=%28source_path.eq.%2Fpublic%2Funits%2Fsenior-secondary%2F04-walker-unit-overview-teacher-guide%2Ctarget_path.eq.%2Fpublic%2Funits%2Fsenior-secondary%2F04-walker-unit-overview-teacher-guide%29 401 (Unauthorized)
(anonymous) @ supabase-js@2:7
(anonymous) @ supabase-js@2:7
await in (anonymous)
then @ supabase-js@2:7
setTimeout
(anonymous) @ graphrag-connection-counter.js:206
updateAllBadges @ graphrag-connection-counter.js:206
await in updateAllBadges
GraphRAGConnectionCounter.init @ graphrag-connection-counter.js:258
GraphRAGConnectionCounter @ graphrag-connection-counter.js:18
(anonymous) @ graphrag-connection-counter.js:268
graphrag-connection-counter.js:52 GraphRAG query error: {message: 'Invalid API key', hint: 'Double check your Supabase `anon` or `service_role` API key.'}
overrideMethod @ hook.js:608
getConnections @ graphrag-connection-counter.js:52
await in getConnections
updateBadge @ graphrag-connection-counter.js:95
(anonymous) @ graphrag-connection-counter.js:202
updateAllBadges @ graphrag-connection-counter.js:202
await in updateAllBadges
GraphRAGConnectionCounter.init @ graphrag-connection-counter.js:258
GraphRAGConnectionCounter @ graphrag-connection-counter.js:18
(anonymous) @ graphrag-connection-counter.js:268
supabase-js@2:7  GET https://nlgldaqtubrlcqddppbq.supabase.co/rest/v1/graphrag_relationships?select=relationship_type%2Cconfidence&or=%28source_path.eq.%2Fpublic%2Funits%2Fsenior-secondary%2F03-kaitiaki-generated-y10-math-cultural-geometry%2Ctarget_path.eq.%2Fpublic%2Funits%2Fsenior-secondary%2F03-kaitiaki-generated-y10-math-cultural-geometry%29 401 (Unauthorized)
(anonymous) @ supabase-js@2:7
(anonymous) @ supabase-js@2:7
await in (anonymous)
then @ supabase-js@2:7
setTimeout
(anonymous) @ graphrag-connection-counter.js:206
updateAllBadges @ graphrag-connection-counter.js:206
await in updateAllBadges
GraphRAGConnectionCounter.init @ graphrag-connection-counter.js:258
GraphRAGConnectionCounter @ graphrag-connection-counter.js:18
(anonymous) @ graphrag-connection-counter.js:268
graphrag-connection-counter.js:52 GraphRAG query error: {message: 'Invalid API key', hint: 'Double check your Supabase `anon` or `service_role` API key.'}
overrideMethod @ hook.js:608
getConnections @ graphrag-connection-counter.js:52
await in getConnections
updateBadge @ graphrag-connection-counter.js:95
(anonymous) @ graphrag-connection-counter.js:202
updateAllBadges @ graphrag-connection-counter.js:202
await in updateAllBadges
GraphRAGConnectionCounter.init @ graphrag-connection-counter.js:258
GraphRAGConnectionCounter @ graphrag-connection-counter.js:18
(anonymous) @ graphrag-connection-counter.js:268
supabase-js@2:7  GET https://nlgldaqtubrlcqddppbq.supabase.co/rest/v1/graphrag_relationships?select=relationship_type%2Cconfidence&or=%28source_path.eq.%2Fpublic%2Funits%2Fsenior-secondary%2F14-ai-ethics-through-m%C4%81ori-data-sovereignty-FIXED.html%2Ctarget_path.eq.%2Fpublic%2Funits%2Fsenior-secondary%2F14-ai-ethics-through-m%C4%81ori-data-sovereignty-FIXED.html%29 401 (Unauthorized)
(anonymous) @ supabase-js@2:7
(anonymous) @ supabase-js@2:7
await in (anonymous)
then @ supabase-js@2:7
setTimeout
(anonymous) @ graphrag-connection-counter.js:206
updateAllBadges @ graphrag-connection-counter.js:206
await in updateAllBadges
GraphRAGConnectionCounter.init @ graphrag-connection-counter.js:258
GraphRAGConnectionCounter @ graphrag-connection-counter.js:18
(anonymous) @ graphrag-connection-counter.js:268
graphrag-connection-counter.js:52 GraphRAG query error: {message: 'Invalid API key', hint: 'Double check your Supabase `anon` or `service_role` API key.'}
overrideMethod @ hook.js:608
getConnections @ graphrag-connection-counter.js:52
await in getConnections
updateBadge @ graphrag-connection-counter.js:95
(anonymous) @ graphrag-connection-counter.js:202
updateAllBadges @ graphrag-connection-counter.js:202
await in updateAllBadges
GraphRAGConnectionCounter.init @ graphrag-connection-counter.js:258
GraphRAGConnectionCounter @ graphrag-connection-counter.js:18
(anonymous) @ graphrag-connection-counter.js:268
supabase-js@2:7  GET https://nlgldaqtubrlcqddppbq.supabase.co/rest/v1/graphrag_relationships?select=relationship_type%2Cconfidence&or=%28source_path.eq.%2Fpublic%2Funits%2Fsenior-secondary%2F%2Ctarget_path.eq.%2Fpublic%2Funits%2Fsenior-secondary%2F%29 401 (Unauthorized)
(anonymous) @ supabase-js@2:7
(anonymous) @ supabase-js@2:7
await in (anonymous)
then @ supabase-js@2:7
setTimeout
(anonymous) @ graphrag-connection-counter.js:206
updateAllBadges @ graphrag-connection-counter.js:206
await in updateAllBadges
GraphRAGConnectionCounter.init @ graphrag-connection-counter.js:258
GraphRAGConnectionCounter @ graphrag-connection-counter.js:18
(anonymous) @ graphrag-connection-counter.js:268
graphrag-connection-counter.js:52 GraphRAG query error: {message: 'Invalid API key', hint: 'Double check your Supabase `anon` or `service_role` API key.'}
overrideMethod @ hook.js:608
getConnections @ graphrag-connection-counter.js:52
await in getConnections
updateBadge @ graphrag-connection-counter.js:95
(anonymous) @ graphrag-connection-counter.js:202
updateAllBadges @ graphrag-connection-counter.js:202
await in updateAllBadges
GraphRAGConnectionCounter.init @ graphrag-connection-counter.js:258
GraphRAGConnectionCounter @ graphrag-connection-counter.js:18
(anonymous) @ graphrag-connection-counter.js:268
supabase-js@2:7  GET https://nlgldaqtubrlcqddppbq.supabase.co/rest/v1/graphrag_relationships?select=relationship_type%2Cconfidence&or=%28source_path.eq.%2Fpublic%2Fgenerated-resources-alpha%2Fhandouts%2F%2Ctarget_path.eq.%2Fpublic%2Fgenerated-resources-alpha%2Fhandouts%2F%29 401 (Unauthorized)
(anonymous) @ supabase-js@2:7
(anonymous) @ supabase-js@2:7
await in (anonymous)
then @ supabase-js@2:7
setTimeout
(anonymous) @ graphrag-connection-counter.js:206
updateAllBadges @ graphrag-connection-counter.js:206
await in updateAllBadges
GraphRAGConnectionCounter.init @ graphrag-connection-counter.js:258
GraphRAGConnectionCounter @ graphrag-connection-counter.js:18
(anonymous) @ graphrag-connection-counter.js:268
supabase-js@2:7  GET https://nlgldaqtubrlcqddppbq.supabase.co/rest/v1/graphrag_relationships?select=relationship_type%2Cconfidence&or=%28source_path.eq.%2Fpublic%2Funits%2Fsocial-studies%2F%2Ctarget_path.eq.%2Fpublic%2Funits%2Fsocial-studies%2F%29 401 (Unauthorized)
(anonymous) @ supabase-js@2:7
(anonymous) @ supabase-js@2:7
await in (anonymous)
then @ supabase-js@2:7
setTimeout
(anonymous) @ graphrag-connection-counter.js:206
updateAllBadges @ graphrag-connection-counter.js:206
await in updateAllBadges
GraphRAGConnectionCounter.init @ graphrag-connection-counter.js:258
GraphRAGConnectionCounter @ graphrag-connection-counter.js:18
(anonymous) @ graphrag-connection-counter.js:268
graphrag-connection-counter.js:52 GraphRAG query error: {message: 'Invalid API key', hint: 'Double check your Supabase `anon` or `service_role` API key.'}
overrideMethod @ hook.js:608
getConnections @ graphrag-connection-counter.js:52
await in getConnections
updateBadge @ graphrag-connection-counter.js:95
(anonymous) @ graphrag-connection-counter.js:202
updateAllBadges @ graphrag-connection-counter.js:202
await in updateAllBadges
GraphRAGConnectionCounter.init @ graphrag-connection-counter.js:258
GraphRAGConnectionCounter @ graphrag-connection-counter.js:18
(anonymous) @ graphrag-connection-counter.js:268
graphrag-connection-counter.js:52 GraphRAG query error: {message: 'Invalid API key', hint: 'Double check your Supabase `anon` or `service_role` API key.'}
overrideMethod @ hook.js:608
getConnections @ graphrag-connection-counter.js:52
await in getConnections
updateBadge @ graphrag-connection-counter.js:95
(anonymous) @ graphrag-connection-counter.js:202
updateAllBadges @ graphrag-connection-counter.js:202
await in updateAllBadges
GraphRAGConnectionCounter.init @ graphrag-connection-counter.js:258
GraphRAGConnectionCounter @ graphrag-connection-counter.js:18
(anonymous) @ graphrag-connection-counter.js:268
supabase-js@2:7  GET https://nlgldaqtubrlcqddppbq.supabase.co/rest/v1/graphrag_relationships?select=relationship_type%2Cconfidence&or=%28source_path.eq.%2Fpublic%2Fgenerated-resources-alpha%2Flessons%2F%2Ctarget_path.eq.%2Fpublic%2Fgenerated-resources-alpha%2Flessons%2F%29 401 (Unauthorized)
(anonymous) @ supabase-js@2:7
(anonymous) @ supabase-js@2:7
await in (anonymous)
then @ supabase-js@2:7
setTimeout
(anonymous) @ graphrag-connection-counter.js:206
updateAllBadges @ graphrag-connection-counter.js:206
await in updateAllBadges
GraphRAGConnectionCounter.init @ graphrag-connection-counter.js:258
GraphRAGConnectionCounter @ graphrag-connection-counter.js:18
(anonymous) @ graphrag-connection-counter.js:268
graphrag-connection-counter.js:52 GraphRAG query error: {message: 'Invalid API key', hint: 'Double check your Supabase `anon` or `service_role` API key.'}
overrideMethod @ hook.js:608
getConnections @ graphrag-connection-counter.js:52
await in getConnections
updateBadge @ graphrag-connection-counter.js:95
(anonymous) @ graphrag-connection-counter.js:202
updateAllBadges @ graphrag-connection-counter.js:202
await in updateAllBadges
GraphRAGConnectionCounter.init @ graphrag-connection-counter.js:258
GraphRAGConnectionCounter @ graphrag-connection-counter.js:18
(anonymous) @ graphrag-connection-counter.js:268
supabase-js@2:7  GET https://nlgldaqtubrlcqddppbq.supabase.co/rest/v1/graphrag_relationships?select=relationship_type%2Cconfidence&or=%28source_path.eq.%2Fpublic%2Fgenerated-resources-alpha%2Fteacher-quick-start-guide%2Ctarget_path.eq.%2Fpublic%2Fgenerated-resources-alpha%2Fteacher-quick-start-guide%29 401 (Unauthorized)
(anonymous) @ supabase-js@2:7
(anonymous) @ supabase-js@2:7
await in (anonymous)
then @ supabase-js@2:7
setTimeout
(anonymous) @ graphrag-connection-counter.js:206
updateAllBadges @ graphrag-connection-counter.js:206
await in updateAllBadges
GraphRAGConnectionCounter.init @ graphrag-connection-counter.js:258
GraphRAGConnectionCounter @ graphrag-connection-counter.js:18
(anonymous) @ graphrag-connection-counter.js:268
graphrag-connection-counter.js:52 GraphRAG query error: {message: 'Invalid API key', hint: 'Double check your Supabase `anon` or `service_role` API key.'}
overrideMethod @ hook.js:608
getConnections @ graphrag-connection-counter.js:52
await in getConnections
updateBadge @ graphrag-connection-counter.js:95
(anonymous) @ graphrag-connection-counter.js:202
updateAllBadges @ graphrag-connection-counter.js:202
await in updateAllBadges
GraphRAGConnectionCounter.init @ graphrag-connection-counter.js:258
GraphRAGConnectionCounter @ graphrag-connection-counter.js:18
(anonymous) @ graphrag-connection-counter.js:268
supabase-js@2:7  GET https://nlgldaqtubrlcqddppbq.supabase.co/rest/v1/graphrag_relationships?select=relationship_type%2Cconfidence&or=%28source_path.eq.%2Fpublic%2Fgenerated-resources-alpha%2F%2Ctarget_path.eq.%2Fpublic%2Fgenerated-resources-alpha%2F%29 401 (Unauthorized)
(anonymous) @ supabase-js@2:7
(anonymous) @ supabase-js@2:7
await in (anonymous)
then @ supabase-js@2:7
setTimeout
(anonymous) @ graphrag-connection-counter.js:206
updateAllBadges @ graphrag-connection-counter.js:206
await in updateAllBadges
GraphRAGConnectionCounter.init @ graphrag-connection-counter.js:258
GraphRAGConnectionCounter @ graphrag-connection-counter.js:18
(anonymous) @ graphrag-connection-counter.js:268
graphrag-connection-counter.js:52 GraphRAG query error: {message: 'Invalid API key', hint: 'Double check your Supabase `anon` or `service_role` API key.'}
overrideMethod @ hook.js:608
getConnections @ graphrag-connection-counter.js:52
await in getConnections
updateBadge @ graphrag-connection-counter.js:95
(anonymous) @ graphrag-connection-counter.js:202
updateAllBadges @ graphrag-connection-counter.js:202
await in updateAllBadges
GraphRAGConnectionCounter.init @ graphrag-connection-counter.js:258
GraphRAGConnectionCounter @ graphrag-connection-counter.js:18
(anonymous) @ graphrag-connection-counter.js:268
supabase-js@2:7  GET https://nlgldaqtubrlcqddppbq.supabase.co/rest/v1/graphrag_relationships?select=relationship_type%2Cconfidence&or=%28source_path.eq.%2Fpublic%2Fintegrated-lessons%2F%2Ctarget_path.eq.%2Fpublic%2Fintegrated-lessons%2F%29 401 (Unauthorized)
(anonymous) @ supabase-js@2:7
(anonymous) @ supabase-js@2:7
await in (anonymous)
then @ supabase-js@2:7
setTimeout
(anonymous) @ graphrag-connection-counter.js:206
updateAllBadges @ graphrag-connection-counter.js:206
await in updateAllBadges
GraphRAGConnectionCounter.init @ graphrag-connection-counter.js:258
GraphRAGConnectionCounter @ graphrag-connection-counter.js:18
(anonymous) @ graphrag-connection-counter.js:268
graphrag-connection-counter.js:52 GraphRAG query error: {message: 'Invalid API key', hint: 'Double check your Supabase `anon` or `service_role` API key.'}
overrideMethod @ hook.js:608
getConnections @ graphrag-connection-counter.js:52
await in getConnections
updateBadge @ graphrag-connection-counter.js:95
(anonymous) @ graphrag-connection-counter.js:202
updateAllBadges @ graphrag-connection-counter.js:202
await in updateAllBadges
GraphRAGConnectionCounter.init @ graphrag-connection-counter.js:258
GraphRAGConnectionCounter @ graphrag-connection-counter.js:18
(anonymous) @ graphrag-connection-counter.js:268
supabase-js@2:7  GET https://nlgldaqtubrlcqddppbq.supabase.co/rest/v1/graphrag_relationships?select=relationship_type%2Cconfidence&or=%28source_path.eq.%2Fpublic%2Fgenerated-resources-alpha%2Flessons%2F%2Ctarget_path.eq.%2Fpublic%2Fgenerated-resources-alpha%2Flessons%2F%29 401 (Unauthorized)
(anonymous) @ supabase-js@2:7
(anonymous) @ supabase-js@2:7
await in (anonymous)
then @ supabase-js@2:7
setTimeout
(anonymous) @ graphrag-connection-counter.js:206
updateAllBadges @ graphrag-connection-counter.js:206
await in updateAllBadges
GraphRAGConnectionCounter.init @ graphrag-connection-counter.js:258
GraphRAGConnectionCounter @ graphrag-connection-counter.js:18
(anonymous) @ graphrag-connection-counter.js:268
graphrag-connection-counter.js:52 GraphRAG query error: {message: 'Invalid API key', hint: 'Double check your Supabase `anon` or `service_role` API key.'}
overrideMethod @ hook.js:608
getConnections @ graphrag-connection-counter.js:52
await in getConnections
updateBadge @ graphrag-connection-counter.js:95
(anonymous) @ graphrag-connection-counter.js:202
updateAllBadges @ graphrag-connection-counter.js:202
await in updateAllBadges
GraphRAGConnectionCounter.init @ graphrag-connection-counter.js:258
GraphRAGConnectionCounter @ graphrag-connection-counter.js:18
(anonymous) @ graphrag-connection-counter.js:268
supabase-js@2:7  GET https://nlgldaqtubrlcqddppbq.supabase.co/rest/v1/graphrag_relationships?select=relationship_type%2Cconfidence&or=%28source_path.eq.%2Fpublic%2Fgenerated-resources-alpha%2Fhandouts%2F%2Ctarget_path.eq.%2Fpublic%2Fgenerated-resources-alpha%2Fhandouts%2F%29 401 (Unauthorized)
(anonymous) @ supabase-js@2:7
(anonymous) @ supabase-js@2:7
await in (anonymous)
then @ supabase-js@2:7
setTimeout
(anonymous) @ graphrag-connection-counter.js:206
updateAllBadges @ graphrag-connection-counter.js:206
await in updateAllBadges
GraphRAGConnectionCounter.init @ graphrag-connection-counter.js:258
GraphRAGConnectionCounter @ graphrag-connection-counter.js:18
(anonymous) @ graphrag-connection-counter.js:268
graphrag-connection-counter.js:52 GraphRAG query error: {message: 'Invalid API key', hint: 'Double check your Supabase `anon` or `service_role` API key.'}
overrideMethod @ hook.js:608
getConnections @ graphrag-connection-counter.js:52
await in getConnections
updateBadge @ graphrag-connection-counter.js:95
(anonymous) @ graphrag-connection-counter.js:202
updateAllBadges @ graphrag-connection-counter.js:202
await in updateAllBadges
GraphRAGConnectionCounter.init @ graphrag-connection-counter.js:258
GraphRAGConnectionCounter @ graphrag-connection-counter.js:18
(anonymous) @ graphrag-connection-counter.js:268
graphrag-connection-counter.js:210 ✅ All connection badges updated with REAL data
